-------------------------------------------------------------------------------
Test set: com.thitsaworks.dfsp_portal.api.hub_operator.WebApiHubOperatorApplicationTests
-------------------------------------------------------------------------------
Tests run: 1, Failures: 0, Errors: 1, Skipped: 0, Time elapsed: 189.741 s <<< FAILURE! - in com.thitsaworks.dfsp_portal.api.hub_operator.WebApiHubOperatorApplicationTests
contextLoads  Time elapsed: 0.007 s  <<< ERROR!
java.lang.IllegalStateException: Failed to load ApplicationContext
Caused by: org.springframework.beans.factory.UnsatisfiedDependencyException: Error creating bean with name 'dataSourceScriptDatabaseInitializer' defined in class path resource [org/springframework/boot/autoconfigure/sql/init/DataSourceInitializationConfiguration.class]: Unsatisfied dependency expressed through method 'dataSourceScriptDatabaseInitializer' parameter 0; nested exception is org.springframework.beans.factory.UnsatisfiedDependencyException: Error creating bean with name 'readDataSource' defined in class path resource [com/thitsaworks/dfsp_portal/datasource/persistence/MySqlReadDbConfiguration.class]: Unsatisfied dependency expressed through method 'readDataSource' parameter 0; nested exception is org.springframework.beans.factory.UnsatisfiedDependencyException: Error creating bean with name 'dfspPortalHubOperatorApiConfiguration': Unsatisfied dependency expressed through field 'dfspVault'; nested exception is org.springframework.beans.factory.UnsatisfiedDependencyException: Error creating bean with name 'dfspVault' defined in class path resource [com/thitsaworks/dfsp_portal/vault/VaultConfiguration.class]: Unsatisfied dependency expressed through method 'dfspVault' parameter 0; nested exception is org.springframework.beans.factory.BeanCreationException: Error creating bean with name 'vaultTemplate' defined in class path resource [com/thitsaworks/dfsp_portal/vault/VaultConfiguration.class]: Bean instantiation via factory method failed; nested exception is org.springframework.beans.BeanInstantiationException: Failed to instantiate [org.springframework.vault.core.VaultTemplate]: Factory method 'vaultTemplate' threw exception; nested exception is java.lang.NullPointerException
Caused by: org.springframework.beans.factory.UnsatisfiedDependencyException: Error creating bean with name 'readDataSource' defined in class path resource [com/thitsaworks/dfsp_portal/datasource/persistence/MySqlReadDbConfiguration.class]: Unsatisfied dependency expressed through method 'readDataSource' parameter 0; nested exception is org.springframework.beans.factory.UnsatisfiedDependencyException: Error creating bean with name 'dfspPortalHubOperatorApiConfiguration': Unsatisfied dependency expressed through field 'dfspVault'; nested exception is org.springframework.beans.factory.UnsatisfiedDependencyException: Error creating bean with name 'dfspVault' defined in class path resource [com/thitsaworks/dfsp_portal/vault/VaultConfiguration.class]: Unsatisfied dependency expressed through method 'dfspVault' parameter 0; nested exception is org.springframework.beans.factory.BeanCreationException: Error creating bean with name 'vaultTemplate' defined in class path resource [com/thitsaworks/dfsp_portal/vault/VaultConfiguration.class]: Bean instantiation via factory method failed; nested exception is org.springframework.beans.BeanInstantiationException: Failed to instantiate [org.springframework.vault.core.VaultTemplate]: Factory method 'vaultTemplate' threw exception; nested exception is java.lang.NullPointerException
Caused by: org.springframework.beans.factory.UnsatisfiedDependencyException: Error creating bean with name 'dfspPortalHubOperatorApiConfiguration': Unsatisfied dependency expressed through field 'dfspVault'; nested exception is org.springframework.beans.factory.UnsatisfiedDependencyException: Error creating bean with name 'dfspVault' defined in class path resource [com/thitsaworks/dfsp_portal/vault/VaultConfiguration.class]: Unsatisfied dependency expressed through method 'dfspVault' parameter 0; nested exception is org.springframework.beans.factory.BeanCreationException: Error creating bean with name 'vaultTemplate' defined in class path resource [com/thitsaworks/dfsp_portal/vault/VaultConfiguration.class]: Bean instantiation via factory method failed; nested exception is org.springframework.beans.BeanInstantiationException: Failed to instantiate [org.springframework.vault.core.VaultTemplate]: Factory method 'vaultTemplate' threw exception; nested exception is java.lang.NullPointerException
Caused by: org.springframework.beans.factory.UnsatisfiedDependencyException: Error creating bean with name 'dfspVault' defined in class path resource [com/thitsaworks/dfsp_portal/vault/VaultConfiguration.class]: Unsatisfied dependency expressed through method 'dfspVault' parameter 0; nested exception is org.springframework.beans.factory.BeanCreationException: Error creating bean with name 'vaultTemplate' defined in class path resource [com/thitsaworks/dfsp_portal/vault/VaultConfiguration.class]: Bean instantiation via factory method failed; nested exception is org.springframework.beans.BeanInstantiationException: Failed to instantiate [org.springframework.vault.core.VaultTemplate]: Factory method 'vaultTemplate' threw exception; nested exception is java.lang.NullPointerException
Caused by: org.springframework.beans.factory.BeanCreationException: Error creating bean with name 'vaultTemplate' defined in class path resource [com/thitsaworks/dfsp_portal/vault/VaultConfiguration.class]: Bean instantiation via factory method failed; nested exception is org.springframework.beans.BeanInstantiationException: Failed to instantiate [org.springframework.vault.core.VaultTemplate]: Factory method 'vaultTemplate' threw exception; nested exception is java.lang.NullPointerException
Caused by: org.springframework.beans.BeanInstantiationException: Failed to instantiate [org.springframework.vault.core.VaultTemplate]: Factory method 'vaultTemplate' threw exception; nested exception is java.lang.NullPointerException
Caused by: java.lang.NullPointerException

