<?xml version="1.0" encoding="UTF-8"?>
<testsuite xmlns:xsi="http://www.w3.org/2001/XMLSchema-instance" xsi:noNamespaceSchemaLocation="https://maven.apache.org/surefire/maven-surefire-plugin/xsd/surefire-test-report.xsd" name="com.thitsaworks.dfsp_portal.api.hub_operator.WebApiHubOperatorApplicationTests" time="189.741" tests="1" errors="1" skipped="0" failures="0">
  <properties>
[...]
</properties>
  <testcase name="contextLoads" classname="com.thitsaworks.dfsp_portal.api.hub_operator.WebApiHubOperatorApplicationTests" time="0.007">
    <error message="Failed to load ApplicationContext" type="java.lang.IllegalStateException">java.lang.IllegalStateException: Failed to load ApplicationContext
Caused by: org.springframework.beans.factory.UnsatisfiedDependencyException: Error creating bean with name 'dataSourceScriptDatabaseInitializer' defined in class path resource [org/springframework/boot/autoconfigure/sql/init/DataSourceInitializationConfiguration.class]: Unsatisfied dependency expressed through method 'dataSourceScriptDatabaseInitializer' parameter 0; nested exception is org.springframework.beans.factory.UnsatisfiedDependencyException: Error creating bean with name 'readDataSource' defined in class path resource [com/thitsaworks/dfsp_portal/datasource/persistence/MySqlReadDbConfiguration.class]: Unsatisfied dependency expressed through method 'readDataSource' parameter 0; nested exception is org.springframework.beans.factory.UnsatisfiedDependencyException: Error creating bean with name 'dfspPortalHubOperatorApiConfiguration': Unsatisfied dependency expressed through field 'dfspVault'; nested exception is org.springframework.beans.factory.UnsatisfiedDependencyException: Error creating bean with name 'dfspVault' defined in class path resource [com/thitsaworks/dfsp_portal/vault/VaultConfiguration.class]: Unsatisfied dependency expressed through method 'dfspVault' parameter 0; nested exception is org.springframework.beans.factory.BeanCreationException: Error creating bean with name 'vaultTemplate' defined in class path resource [com/thitsaworks/dfsp_portal/vault/VaultConfiguration.class]: Bean instantiation via factory method failed; nested exception is org.springframework.beans.BeanInstantiationException: Failed to instantiate [org.springframework.vault.core.VaultTemplate]: Factory method 'vaultTemplate' threw exception; nested exception is java.lang.NullPointerException
Caused by: org.springframework.beans.factory.UnsatisfiedDependencyException: Error creating bean with name 'readDataSource' defined in class path resource [com/thitsaworks/dfsp_portal/datasource/persistence/MySqlReadDbConfiguration.class]: Unsatisfied dependency expressed through method 'readDataSource' parameter 0; nested exception is org.springframework.beans.factory.UnsatisfiedDependencyException: Error creating bean with name 'dfspPortalHubOperatorApiConfiguration': Unsatisfied dependency expressed through field 'dfspVault'; nested exception is org.springframework.beans.factory.UnsatisfiedDependencyException: Error creating bean with name 'dfspVault' defined in class path resource [com/thitsaworks/dfsp_portal/vault/VaultConfiguration.class]: Unsatisfied dependency expressed through method 'dfspVault' parameter 0; nested exception is org.springframework.beans.factory.BeanCreationException: Error creating bean with name 'vaultTemplate' defined in class path resource [com/thitsaworks/dfsp_portal/vault/VaultConfiguration.class]: Bean instantiation via factory method failed; nested exception is org.springframework.beans.BeanInstantiationException: Failed to instantiate [org.springframework.vault.core.VaultTemplate]: Factory method 'vaultTemplate' threw exception; nested exception is java.lang.NullPointerException
Caused by: org.springframework.beans.factory.UnsatisfiedDependencyException: Error creating bean with name 'dfspPortalHubOperatorApiConfiguration': Unsatisfied dependency expressed through field 'dfspVault'; nested exception is org.springframework.beans.factory.UnsatisfiedDependencyException: Error creating bean with name 'dfspVault' defined in class path resource [com/thitsaworks/dfsp_portal/vault/VaultConfiguration.class]: Unsatisfied dependency expressed through method 'dfspVault' parameter 0; nested exception is org.springframework.beans.factory.BeanCreationException: Error creating bean with name 'vaultTemplate' defined in class path resource [com/thitsaworks/dfsp_portal/vault/VaultConfiguration.class]: Bean instantiation via factory method failed; nested exception is org.springframework.beans.BeanInstantiationException: Failed to instantiate [org.springframework.vault.core.VaultTemplate]: Factory method 'vaultTemplate' threw exception; nested exception is java.lang.NullPointerException
Caused by: org.springframework.beans.factory.UnsatisfiedDependencyException: Error creating bean with name 'dfspVault' defined in class path resource [com/thitsaworks/dfsp_portal/vault/VaultConfiguration.class]: Unsatisfied dependency expressed through method 'dfspVault' parameter 0; nested exception is org.springframework.beans.factory.BeanCreationException: Error creating bean with name 'vaultTemplate' defined in class path resource [com/thitsaworks/dfsp_portal/vault/VaultConfiguration.class]: Bean instantiation via factory method failed; nested exception is org.springframework.beans.BeanInstantiationException: Failed to instantiate [org.springframework.vault.core.VaultTemplate]: Factory method 'vaultTemplate' threw exception; nested exception is java.lang.NullPointerException
Caused by: org.springframework.beans.factory.BeanCreationException: Error creating bean with name 'vaultTemplate' defined in class path resource [com/thitsaworks/dfsp_portal/vault/VaultConfiguration.class]: Bean instantiation via factory method failed; nested exception is org.springframework.beans.BeanInstantiationException: Failed to instantiate [org.springframework.vault.core.VaultTemplate]: Factory method 'vaultTemplate' threw exception; nested exception is java.lang.NullPointerException
Caused by: org.springframework.beans.BeanInstantiationException: Failed to instantiate [org.springframework.vault.core.VaultTemplate]: Factory method 'vaultTemplate' threw exception; nested exception is java.lang.NullPointerException
Caused by: java.lang.NullPointerException
</error>
    <system-out><![CDATA[2025-05-30 14:21:46 DEBUG    main:org.springframework.test.context.BootstrapUtils:108:(createCacheAwareContextLoaderDelegate) - Instantiating CacheAwareContextLoaderDelegate from class [org.springframework.test.context.cache.DefaultCacheAwareContextLoaderDelegate]
2025-05-30 14:21:46 DEBUG    main:org.springframework.test.context.BootstrapUtils:88:(createBootstrapContext) - Instantiating BootstrapContext using constructor [public org.springframework.test.context.support.DefaultBootstrapContext(java.lang.Class,org.springframework.test.context.CacheAwareContextLoaderDelegate)]
2025-05-30 14:21:46 DEBUG    main:org.springframework.test.context.BootstrapUtils:143:(resolveTestContextBootstrapper) - Instantiating TestContextBootstrapper for test class [com.thitsaworks.dfsp_portal.api.hub_operator.WebApiHubOperatorApplicationTests] from class [org.springframework.boot.test.context.SpringBootTestContextBootstrapper]
2025-05-30 14:21:46 INFO     main:org.springframework.test.context.support.AbstractTestContextBootstrapper:305:(buildDefaultMergedContextConfiguration) - Neither @ContextConfiguration nor @ContextHierarchy found for test class [com.thitsaworks.dfsp_portal.api.hub_operator.WebApiHubOperatorApplicationTests], using SpringBootContextLoader
2025-05-30 14:21:47 DEBUG    main:org.springframework.test.context.support.AbstractContextLoader:258:(generateDefaultLocations) - Did not detect default resource location for test class [com.thitsaworks.dfsp_portal.api.hub_operator.WebApiHubOperatorApplicationTests]: class path resource [com/thitsaworks/dfsp_portal/api/hub_operator/WebApiHubOperatorApplicationTests-context.xml] does not exist
2025-05-30 14:21:47 DEBUG    main:org.springframework.test.context.support.AbstractContextLoader:258:(generateDefaultLocations) - Did not detect default resource location for test class [com.thitsaworks.dfsp_portal.api.hub_operator.WebApiHubOperatorApplicationTests]: class path resource [com/thitsaworks/dfsp_portal/api/hub_operator/WebApiHubOperatorApplicationTestsContext.groovy] does not exist
2025-05-30 14:21:47 INFO     main:org.springframework.test.context.support.AbstractContextLoader:264:(generateDefaultLocations) - Could not detect default resource locations for test class [com.thitsaworks.dfsp_portal.api.hub_operator.WebApiHubOperatorApplicationTests]: no resource found for suffixes {-context.xml, Context.groovy}.
2025-05-30 14:21:47 INFO     main:org.springframework.test.context.support.AnnotationConfigContextLoaderUtils:83:(detectDefaultConfigurationClasses) - Could not detect default configuration classes for test class [com.thitsaworks.dfsp_portal.api.hub_operator.WebApiHubOperatorApplicationTests]: WebApiHubOperatorApplicationTests does not declare any static, non-private, non-final, nested classes annotated with @Configuration.
2025-05-30 14:21:47 DEBUG    main:org.springframework.test.context.support.ActiveProfilesUtils:79:(resolveActiveProfiles) - Could not find an 'annotation declaring class' for annotation type [org.springframework.test.context.ActiveProfiles] and class [com.thitsaworks.dfsp_portal.api.hub_operator.WebApiHubOperatorApplicationTests]
2025-05-30 14:21:48 DEBUG    main:org.springframework.context.annotation.ClassPathScanningCandidateComponentProvider:435:(scanCandidateComponents) - Identified candidate component class: file [C:\NNEWORKING\Mojaloop-DFSP-Portal\implementation\web_api_hub_operator\target\classes\com\thitsaworks\dfsp_portal\api\hub_operator\WebApiHubOperatorApplication.class]
2025-05-30 14:21:48 INFO     main:org.springframework.boot.test.context.SpringBootTestContextBootstrapper:238:(getOrFindConfigurationClasses) - Found @SpringBootConfiguration com.thitsaworks.dfsp_portal.api.hub_operator.WebApiHubOperatorApplication for test class com.thitsaworks.dfsp_portal.api.hub_operator.WebApiHubOperatorApplicationTests
2025-05-30 14:21:50 DEBUG    main:org.springframework.test.context.support.AbstractTestContextBootstrapper:124:(getTestExecutionListeners) - @TestExecutionListeners is not present for class [com.thitsaworks.dfsp_portal.api.hub_operator.WebApiHubOperatorApplicationTests]: using defaults.
2025-05-30 14:21:50 INFO     main:org.springframework.test.context.support.AbstractTestContextBootstrapper:245:(getDefaultTestExecutionListenerClassNames) - Loaded default TestExecutionListener class names from location [META-INF/spring.factories]: [org.springframework.test.context.web.ServletTestExecutionListener, org.springframework.test.context.support.DirtiesContextBeforeModesTestExecutionListener, org.springframework.test.context.event.ApplicationEventsTestExecutionListener, org.springframework.test.context.support.DependencyInjectionTestExecutionListener, org.springframework.test.context.support.DirtiesContextTestExecutionListener, org.springframework.test.context.transaction.TransactionalTestExecutionListener, org.springframework.test.context.jdbc.SqlScriptsTestExecutionListener, org.springframework.test.context.event.EventPublishingTestExecutionListener, org.springframework.boot.test.mock.mockito.MockitoTestExecutionListener, org.springframework.boot.test.mock.mockito.ResetMocksTestExecutionListener, org.springframework.boot.test.autoconfigure.restdocs.RestDocsTestExecutionListener, org.springframework.boot.test.autoconfigure.web.client.MockRestServiceServerResetTestExecutionListener, org.springframework.boot.test.autoconfigure.web.servlet.MockMvcPrintOnlyOnFailureTestExecutionListener, org.springframework.boot.test.autoconfigure.web.servlet.WebDriverTestExecutionListener, org.springframework.boot.test.autoconfigure.webservices.client.MockWebServiceServerTestExecutionListener]
2025-05-30 14:21:51 INFO     main:org.springframework.test.context.support.AbstractTestContextBootstrapper:174:(getTestExecutionListeners) - Using TestExecutionListeners: [org.springframework.test.context.web.ServletTestExecutionListener@62e6a3ec, org.springframework.test.context.support.DirtiesContextBeforeModesTestExecutionListener@5754de72, org.springframework.test.context.event.ApplicationEventsTestExecutionListener@31ee96f4, org.springframework.boot.test.mock.mockito.MockitoTestExecutionListener@320494b6, org.springframework.boot.test.autoconfigure.SpringBootDependencyInjectionTestExecutionListener@652ab8d9, org.springframework.test.context.support.DirtiesContextTestExecutionListener@14fc5d40, org.springframework.test.context.transaction.TransactionalTestExecutionListener@51e0301d, org.springframework.test.context.jdbc.SqlScriptsTestExecutionListener@47d7bfb3, org.springframework.test.context.event.EventPublishingTestExecutionListener@770b3be0, org.springframework.boot.test.mock.mockito.ResetMocksTestExecutionListener@1eb6e1c, org.springframework.boot.test.autoconfigure.restdocs.RestDocsTestExecutionListener@51dbd6e4, org.springframework.boot.test.autoconfigure.web.client.MockRestServiceServerResetTestExecutionListener@2b8bd14b, org.springframework.boot.test.autoconfigure.web.servlet.MockMvcPrintOnlyOnFailureTestExecutionListener@5f13be1, org.springframework.boot.test.autoconfigure.web.servlet.WebDriverTestExecutionListener@5f303ecd, org.springframework.boot.test.autoconfigure.webservices.client.MockWebServiceServerTestExecutionListener@50d3bf39]
2025-05-30 14:21:51 DEBUG    main:org.springframework.test.context.support.AbstractDirtiesContextTestExecutionListener:143:(beforeOrAfterTestClass) - Before test class: context [DefaultTestContext@185f7840 testClass = WebApiHubOperatorApplicationTests, testInstance = [null], testMethod = [null], testException = [null], mergedContextConfiguration = [WebMergedContextConfiguration@1e6cc850 testClass = WebApiHubOperatorApplicationTests, locations = '{}', classes = '{class com.thitsaworks.dfsp_portal.api.hub_operator.WebApiHubOperatorApplication}', contextInitializerClasses = '[]', activeProfiles = '{}', propertySourceLocations = '{}', propertySourceProperties = '{org.springframework.boot.test.context.SpringBootTestContextBootstrapper=true}', contextCustomizers = set[org.springframework.boot.test.context.filter.ExcludeFilterContextCustomizer@10ad20cb, org.springframework.boot.test.json.DuplicateJsonObjectContextCustomizerFactory$DuplicateJsonObjectContextCustomizer@22ee2d0, org.springframework.boot.test.mock.mockito.MockitoContextCustomizer@0, org.springframework.boot.test.web.client.TestRestTemplateContextCustomizer@3a71c100, org.springframework.boot.test.autoconfigure.actuate.metrics.MetricsExportContextCustomizerFactory$DisableMetricExportContextCustomizer@51abf713, org.springframework.boot.test.autoconfigure.properties.PropertyMappingContextCustomizer@0, org.springframework.boot.test.autoconfigure.web.servlet.WebDriverContextCustomizerFactory$Customizer@6548bb7d, org.springframework.boot.test.context.SpringBootTestArgs@1, org.springframework.boot.test.context.SpringBootTestWebEnvironment@12468a38], resourceBasePath = 'src/main/webapp', contextLoader = 'org.springframework.boot.test.context.SpringBootContextLoader', parent = [null]], attributes = map['org.springframework.test.context.web.ServletTestExecutionListener.activateListener' -> true]], class annotated with @DirtiesContext [false] with mode [null].
2025-05-30 14:21:52 DEBUG    main:org.springframework.core.env.AbstractEnvironment:302:(setActiveProfiles) - Activating profiles []
2025-05-30 14:21:52 DEBUG    main:org.springframework.test.context.support.TestPropertySourceUtils:273:(addInlinedPropertiesToEnvironment) - Adding inlined properties to environment: {spring.jmx.enabled=false, org.springframework.boot.test.context.SpringBootTestContextBootstrapper=true}

  .   ____          _            __ _ _
 /\\ / ___'_ __ _ _(_)_ __  __ _ \ \ \ \
( ( )\___ | '_ | '_| | '_ \/ _` | \ \ \ \
 \\/  ___)| |_)| | | | | || (_| |  ) ) ) )
  '  |____| .__|_| |_|_| |_\__, | / / / /
 =========|_|==============|___/=/_/_/_/
 :: Spring Boot ::                (v2.6.2)

2025-05-30 14:22:08 DEBUG    background-preinit:org.jboss.logging.LoggerProviders:152:(logProvider) - Logging Provider: org.jboss.logging.Log4j2LoggerProvider
2025-05-30 14:22:08 INFO     background-preinit:org.hibernate.validator.internal.util.Version:21:(<clinit>) - HV000001: Hibernate Validator 6.2.0.Final
2025-05-30 14:22:11 DEBUG    background-preinit:org.hibernate.validator.internal.xml.config.ValidationXmlParser:120:(getValidationXmlInputStream) - Trying to load META-INF/validation.xml for XML based Validator configuration.
2025-05-30 14:22:11 DEBUG    background-preinit:org.hibernate.validator.internal.xml.config.ResourceLoaderHelper:60:(getResettableInputStreamForPath) - Trying to load META-INF/validation.xml via TCCL
2025-05-30 14:22:11 DEBUG    background-preinit:org.hibernate.validator.internal.xml.config.ResourceLoaderHelper:66:(getResettableInputStreamForPath) - Trying to load META-INF/validation.xml via Hibernate Validator's class loader
2025-05-30 14:22:11 DEBUG    background-preinit:org.hibernate.validator.internal.xml.config.ValidationXmlParser:127:(getValidationXmlInputStream) - No META-INF/validation.xml found. Using annotation based configuration only.
2025-05-30 14:22:11 INFO     main:org.springframework.boot.StartupInfoLogger:55:(logStarting) - Starting WebApiHubOperatorApplicationTests using Java 11.0.18 on ASUSZenBook14 with PID 28776 (started by ASUS in C:\NNEWORKING\Mojaloop-DFSP-Portal\implementation\web_api_hub_operator)
2025-05-30 14:22:11 DEBUG    main:org.springframework.boot.StartupInfoLogger:56:(logStarting) - Running with Spring Boot v2.6.2, Spring v5.3.14
2025-05-30 14:22:11 INFO     main:org.springframework.boot.SpringApplication:635:(logStartupProfileInfo) - No active profile set, falling back to default profiles: default
2025-05-30 14:22:11 DEBUG    main:org.springframework.boot.SpringApplication:663:(load) - Loading source class com.thitsaworks.dfsp_portal.api.hub_operator.WebApiHubOperatorApplication
2025-05-30 14:22:11 DEBUG    background-preinit:org.hibernate.validator.internal.engine.resolver.TraversableResolvers:93:(getDefault) - Found javax.persistence.Persistence on classpath containing 'getPersistenceUtil'. Assuming JPA 2 environment. Trying to instantiate JPA aware TraversableResolver
2025-05-30 14:22:11 DEBUG    background-preinit:org.hibernate.validator.internal.engine.resolver.TraversableResolvers:103:(getDefault) - Instantiated JPA aware TraversableResolver of type org.hibernate.validator.internal.engine.resolver.JPATraversableResolver.
2025-05-30 14:22:13 DEBUG    background-preinit:org.hibernate.validator.messageinterpolation.ResourceBundleMessageInterpolator:172:(buildExpressionFactory) - Loaded expression factory via original TCCL
2025-05-30 14:22:14 DEBUG    main:org.springframework.context.support.AbstractApplicationContext:629:(prepareRefresh) - Refreshing org.springframework.web.context.support.GenericWebApplicationContext@10acd6
2025-05-30 14:22:18 DEBUG    main:org.springframework.beans.factory.support.DefaultSingletonBeanRegistry:225:(getSingleton) - Creating shared instance of singleton bean 'org.springframework.context.annotation.internalConfigurationAnnotationProcessor'
2025-05-30 14:22:19 DEBUG    main:org.springframework.beans.factory.support.DefaultSingletonBeanRegistry:225:(getSingleton) - Creating shared instance of singleton bean 'org.springframework.boot.autoconfigure.internalCachingMetadataReaderFactory'
2025-05-30 14:22:22 DEBUG    main:org.springframework.context.annotation.ClassPathScanningCandidateComponentProvider:435:(scanCandidateComponents) - Identified candidate component class: file [C:\NNEWORKING\Mojaloop-DFSP-Portal\implementation\web_api_hub_operator\target\classes\com\thitsaworks\dfsp_portal\api\hub_operator\DfspPortalHubOperatorApiConfiguration.class]
2025-05-30 14:22:22 DEBUG    main:org.springframework.context.annotation.ClassPathScanningCandidateComponentProvider:435:(scanCandidateComponents) - Identified candidate component class: file [C:\NNEWORKING\Mojaloop-DFSP-Portal\implementation\web_api_hub_operator\target\classes\com\thitsaworks\dfsp_portal\api\hub_operator\WebSecurityConfiguration.class]
2025-05-30 14:22:23 DEBUG    background-preinit:org.hibernate.validator.internal.engine.ValidatorFactoryConfigurationHelper:345:(determinePropertyNodeNameProvider) - HV000252: Using org.hibernate.validator.internal.engine.DefaultPropertyNodeNameProvider as property node name provider.
2025-05-30 14:22:24 DEBUG    background-preinit:org.hibernate.validator.internal.engine.ValidatorFactoryConfigurationHelper:420:(logValidatorFactoryScopedConfiguration) - HV000234: Using org.hibernate.validator.messageinterpolation.ResourceBundleMessageInterpolator as ValidatorFactory-scoped message interpolator.
2025-05-30 14:22:24 DEBUG    background-preinit:org.hibernate.validator.internal.engine.ValidatorFactoryConfigurationHelper:421:(logValidatorFactoryScopedConfiguration) - HV000234: Using org.hibernate.validator.internal.engine.resolver.JPATraversableResolver as ValidatorFactory-scoped traversable resolver.
2025-05-30 14:22:24 DEBUG    background-preinit:org.hibernate.validator.internal.engine.ValidatorFactoryConfigurationHelper:422:(logValidatorFactoryScopedConfiguration) - HV000234: Using org.hibernate.validator.internal.util.ExecutableParameterNameProvider as ValidatorFactory-scoped parameter name provider.
2025-05-30 14:22:24 DEBUG    background-preinit:org.hibernate.validator.internal.engine.ValidatorFactoryConfigurationHelper:423:(logValidatorFactoryScopedConfiguration) - HV000234: Using org.hibernate.validator.internal.engine.DefaultClockProvider as ValidatorFactory-scoped clock provider.
2025-05-30 14:22:24 DEBUG    background-preinit:org.hibernate.validator.internal.engine.ValidatorFactoryConfigurationHelper:424:(logValidatorFactoryScopedConfiguration) - HV000234: Using org.hibernate.validator.internal.engine.scripting.DefaultScriptEvaluatorFactory as ValidatorFactory-scoped script evaluator factory.
2025-05-30 14:22:27 DEBUG    main:org.springframework.context.annotation.ClassPathScanningCandidateComponentProvider:435:(scanCandidateComponents) - Identified candidate component class: file [C:\NNEWORKING\Mojaloop-DFSP-Portal\implementation\web_api_hub_operator\target\classes\com\thitsaworks\dfsp_portal\api\hub_operator\controller\CreateNewAnnouncementController.class]
2025-05-30 14:22:39 DEBUG    main:org.springframework.context.annotation.ClassPathScanningCandidateComponentProvider:435:(scanCandidateComponents) - Identified candidate component class: file [C:\NNEWORKING\Mojaloop-DFSP-Portal\implementation\web_api_hub_operator\target\classes\com\thitsaworks\dfsp_portal\api\hub_operator\controller\CreateNewExtraPropertyController.class]
2025-05-30 14:22:41 DEBUG    main:org.springframework.context.annotation.ClassPathScanningCandidateComponentProvider:435:(scanCandidateComponents) - Identified candidate component class: file [C:\NNEWORKING\Mojaloop-DFSP-Portal\implementation\web_api_hub_operator\target\classes\com\thitsaworks\dfsp_portal\api\hub_operator\controller\CreateNewLiquidityProfileController.class]
2025-05-30 14:22:42 DEBUG    main:org.springframework.context.annotation.ClassPathScanningCandidateComponentProvider:435:(scanCandidateComponents) - Identified candidate component class: file [C:\NNEWORKING\Mojaloop-DFSP-Portal\implementation\web_api_hub_operator\target\classes\com\thitsaworks\dfsp_portal\api\hub_operator\controller\CreateNewParticipantController.class]
2025-05-30 14:22:42 DEBUG    main:org.springframework.context.annotation.ClassPathScanningCandidateComponentProvider:435:(scanCandidateComponents) - Identified candidate component class: file [C:\NNEWORKING\Mojaloop-DFSP-Portal\implementation\web_api_hub_operator\target\classes\com\thitsaworks\dfsp_portal\api\hub_operator\controller\CreateNewParticipantUserController.class]
2025-05-30 14:22:43 DEBUG    main:org.springframework.context.annotation.ClassPathScanningCandidateComponentProvider:435:(scanCandidateComponents) - Identified candidate component class: file [C:\NNEWORKING\Mojaloop-DFSP-Portal\implementation\web_api_hub_operator\target\classes\com\thitsaworks\dfsp_portal\api\hub_operator\controller\GetAllAnnouncementController.class]
2025-05-30 14:22:45 DEBUG    main:org.springframework.context.annotation.ClassPathScanningCandidateComponentProvider:435:(scanCandidateComponents) - Identified candidate component class: file [C:\NNEWORKING\Mojaloop-DFSP-Portal\implementation\web_api_hub_operator\target\classes\com\thitsaworks\dfsp_portal\api\hub_operator\controller\GetAllParticipantsController.class]
2025-05-30 14:22:45 DEBUG    main:org.springframework.context.annotation.ClassPathScanningCandidateComponentProvider:435:(scanCandidateComponents) - Identified candidate component class: file [C:\NNEWORKING\Mojaloop-DFSP-Portal\implementation\web_api_hub_operator\target\classes\com\thitsaworks\dfsp_portal\api\hub_operator\controller\ModifyExistingAnnouncementController.class]
2025-05-30 14:22:47 DEBUG    main:org.springframework.context.annotation.ClassPathScanningCandidateComponentProvider:435:(scanCandidateComponents) - Identified candidate component class: file [C:\NNEWORKING\Mojaloop-DFSP-Portal\implementation\web_api_hub_operator\target\classes\com\thitsaworks\dfsp_portal\api\hub_operator\controller\ModifyExistingExtraPropertyController.class]
2025-05-30 14:22:48 DEBUG    main:org.springframework.context.annotation.ClassPathScanningCandidateComponentProvider:435:(scanCandidateComponents) - Identified candidate component class: file [C:\NNEWORKING\Mojaloop-DFSP-Portal\implementation\web_api_hub_operator\target\classes\com\thitsaworks\dfsp_portal\api\hub_operator\controller\ModifyExistingLiquidityProfileController.class]
2025-05-30 14:22:54 DEBUG    main:org.springframework.context.annotation.ClassPathScanningCandidateComponentProvider:435:(scanCandidateComponents) - Identified candidate component class: file [C:\NNEWORKING\Mojaloop-DFSP-Portal\implementation\web_api_hub_operator\target\classes\com\thitsaworks\dfsp_portal\api\hub_operator\controller\ModifyParticipantShortNameController.class]
2025-05-30 14:23:00 DEBUG    main:org.springframework.context.annotation.ClassPathScanningCandidateComponentProvider:435:(scanCandidateComponents) - Identified candidate component class: URL [jar:file:/C:/Users/ASUS/.m2/repository/com/thitsaworks/dfsp_portal/uc_hub_operator/1.0.0/uc_hub_operator-1.0.0.jar!/com/thitsaworks/dfsp_portal/usecase/hub_operator/impl/CreateNewAnnouncementBean.class]
2025-05-30 14:23:00 DEBUG    main:org.springframework.context.annotation.ClassPathScanningCandidateComponentProvider:435:(scanCandidateComponents) - Identified candidate component class: URL [jar:file:/C:/Users/ASUS/.m2/repository/com/thitsaworks/dfsp_portal/uc_hub_operator/1.0.0/uc_hub_operator-1.0.0.jar!/com/thitsaworks/dfsp_portal/usecase/hub_operator/impl/CreateNewHubUserBean.class]
2025-05-30 14:23:01 DEBUG    main:org.springframework.context.annotation.ClassPathScanningCandidateComponentProvider:435:(scanCandidateComponents) - Identified candidate component class: URL [jar:file:/C:/Users/ASUS/.m2/repository/com/thitsaworks/dfsp_portal/uc_hub_operator/1.0.0/uc_hub_operator-1.0.0.jar!/com/thitsaworks/dfsp_portal/usecase/hub_operator/impl/CreateNewParticipantBean.class]
2025-05-30 14:23:01 DEBUG    main:org.springframework.context.annotation.ClassPathScanningCandidateComponentProvider:435:(scanCandidateComponents) - Identified candidate component class: URL [jar:file:/C:/Users/ASUS/.m2/repository/com/thitsaworks/dfsp_portal/uc_hub_operator/1.0.0/uc_hub_operator-1.0.0.jar!/com/thitsaworks/dfsp_portal/usecase/hub_operator/impl/GetAllAnnouncementBean.class]
2025-05-30 14:23:01 DEBUG    main:org.springframework.context.annotation.ClassPathScanningCandidateComponentProvider:435:(scanCandidateComponents) - Identified candidate component class: URL [jar:file:/C:/Users/ASUS/.m2/repository/com/thitsaworks/dfsp_portal/uc_hub_operator/1.0.0/uc_hub_operator-1.0.0.jar!/com/thitsaworks/dfsp_portal/usecase/hub_operator/impl/GetAllHubUserBean.class]
2025-05-30 14:23:01 DEBUG    main:org.springframework.context.annotation.ClassPathScanningCandidateComponentProvider:435:(scanCandidateComponents) - Identified candidate component class: URL [jar:file:/C:/Users/ASUS/.m2/repository/com/thitsaworks/dfsp_portal/uc_hub_operator/1.0.0/uc_hub_operator-1.0.0.jar!/com/thitsaworks/dfsp_portal/usecase/hub_operator/impl/GetAllParticipantBean.class]
2025-05-30 14:23:01 DEBUG    main:org.springframework.context.annotation.ClassPathScanningCandidateComponentProvider:435:(scanCandidateComponents) - Identified candidate component class: URL [jar:file:/C:/Users/ASUS/.m2/repository/com/thitsaworks/dfsp_portal/uc_hub_operator/1.0.0/uc_hub_operator-1.0.0.jar!/com/thitsaworks/dfsp_portal/usecase/hub_operator/impl/GetExistingAnnouncementBean.class]
2025-05-30 14:23:01 DEBUG    main:org.springframework.context.annotation.ClassPathScanningCandidateComponentProvider:435:(scanCandidateComponents) - Identified candidate component class: URL [jar:file:/C:/Users/ASUS/.m2/repository/com/thitsaworks/dfsp_portal/uc_hub_operator/1.0.0/uc_hub_operator-1.0.0.jar!/com/thitsaworks/dfsp_portal/usecase/hub_operator/impl/GetExistingHubUserBean.class]
2025-05-30 14:23:01 DEBUG    main:org.springframework.context.annotation.ClassPathScanningCandidateComponentProvider:435:(scanCandidateComponents) - Identified candidate component class: URL [jar:file:/C:/Users/ASUS/.m2/repository/com/thitsaworks/dfsp_portal/uc_hub_operator/1.0.0/uc_hub_operator-1.0.0.jar!/com/thitsaworks/dfsp_portal/usecase/hub_operator/impl/ModifyExistingAnnouncementBean.class]
2025-05-30 14:23:01 DEBUG    main:org.springframework.context.annotation.ClassPathScanningCandidateComponentProvider:435:(scanCandidateComponents) - Identified candidate component class: URL [jar:file:/C:/Users/ASUS/.m2/repository/com/thitsaworks/dfsp_portal/uc_hub_operator/1.0.0/uc_hub_operator-1.0.0.jar!/com/thitsaworks/dfsp_portal/usecase/hub_operator/impl/ModifyExistingHubUserBean.class]
2025-05-30 14:23:02 DEBUG    main:org.springframework.context.annotation.ClassPathScanningCandidateComponentProvider:435:(scanCandidateComponents) - Identified candidate component class: URL [jar:file:/C:/Users/ASUS/.m2/repository/com/thitsaworks/dfsp_portal/uc_hub_operator/1.0.0/uc_hub_operator-1.0.0.jar!/com/thitsaworks/dfsp_portal/usecase/hub_operator/impl/ModifyParticipantShortNameBean.class]
2025-05-30 14:23:02 DEBUG    main:org.springframework.context.annotation.ClassPathScanningCandidateComponentProvider:435:(scanCandidateComponents) - Identified candidate component class: URL [jar:file:/C:/Users/ASUS/.m2/repository/com/thitsaworks/dfsp_portal/uc_hub_operator/1.0.0/uc_hub_operator-1.0.0.jar!/com/thitsaworks/dfsp_portal/usecase/hub_operator/impl/RemovePastSixMonthsAnnouncementsBean.class]
2025-05-30 14:23:02 DEBUG    main:org.springframework.context.annotation.ClassPathScanningCandidateComponentProvider:435:(scanCandidateComponents) - Identified candidate component class: URL [jar:file:/C:/Users/ASUS/.m2/repository/com/thitsaworks/dfsp_portal/uc_hub_operator/1.0.0/uc_hub_operator-1.0.0.jar!/com/thitsaworks/dfsp_portal/usecase/hub_operator/scheduler/RemovePastSixMonthsAnnouncementsScheduler.class]
2025-05-30 14:23:05 DEBUG    main:org.springframework.context.annotation.ClassPathScanningCandidateComponentProvider:435:(scanCandidateComponents) - Identified candidate component class: URL [jar:file:/C:/Users/ASUS/.m2/repository/com/thitsaworks/dfsp_portal/mod_participant/1.0.0/mod_participant-1.0.0.jar!/com/thitsaworks/dfsp_portal/participant/domain/command/impl/CreateContactBean.class]
2025-05-30 14:23:05 DEBUG    main:org.springframework.context.annotation.ClassPathScanningCandidateComponentProvider:435:(scanCandidateComponents) - Identified candidate component class: URL [jar:file:/C:/Users/ASUS/.m2/repository/com/thitsaworks/dfsp_portal/mod_participant/1.0.0/mod_participant-1.0.0.jar!/com/thitsaworks/dfsp_portal/participant/domain/command/impl/CreateExtraPropertyBean.class]
2025-05-30 14:23:05 DEBUG    main:org.springframework.context.annotation.ClassPathScanningCandidateComponentProvider:435:(scanCandidateComponents) - Identified candidate component class: URL [jar:file:/C:/Users/ASUS/.m2/repository/com/thitsaworks/dfsp_portal/mod_participant/1.0.0/mod_participant-1.0.0.jar!/com/thitsaworks/dfsp_portal/participant/domain/command/impl/CreateLiquidityProfileBean.class]
2025-05-30 14:23:05 DEBUG    main:org.springframework.context.annotation.ClassPathScanningCandidateComponentProvider:435:(scanCandidateComponents) - Identified candidate component class: URL [jar:file:/C:/Users/ASUS/.m2/repository/com/thitsaworks/dfsp_portal/mod_participant/1.0.0/mod_participant-1.0.0.jar!/com/thitsaworks/dfsp_portal/participant/domain/command/impl/CreateParticipantBean.class]
2025-05-30 14:23:05 DEBUG    main:org.springframework.context.annotation.ClassPathScanningCandidateComponentProvider:435:(scanCandidateComponents) - Identified candidate component class: URL [jar:file:/C:/Users/ASUS/.m2/repository/com/thitsaworks/dfsp_portal/mod_participant/1.0.0/mod_participant-1.0.0.jar!/com/thitsaworks/dfsp_portal/participant/domain/command/impl/CreateParticipantUserBean.class]
2025-05-30 14:23:05 DEBUG    main:org.springframework.context.annotation.ClassPathScanningCandidateComponentProvider:435:(scanCandidateComponents) - Identified candidate component class: URL [jar:file:/C:/Users/ASUS/.m2/repository/com/thitsaworks/dfsp_portal/mod_participant/1.0.0/mod_participant-1.0.0.jar!/com/thitsaworks/dfsp_portal/participant/domain/command/impl/ModifyContactBean.class]
2025-05-30 14:23:05 DEBUG    main:org.springframework.context.annotation.ClassPathScanningCandidateComponentProvider:435:(scanCandidateComponents) - Identified candidate component class: URL [jar:file:/C:/Users/ASUS/.m2/repository/com/thitsaworks/dfsp_portal/mod_participant/1.0.0/mod_participant-1.0.0.jar!/com/thitsaworks/dfsp_portal/participant/domain/command/impl/ModifyExtraPropertyBean.class]
2025-05-30 14:23:05 DEBUG    main:org.springframework.context.annotation.ClassPathScanningCandidateComponentProvider:435:(scanCandidateComponents) - Identified candidate component class: URL [jar:file:/C:/Users/ASUS/.m2/repository/com/thitsaworks/dfsp_portal/mod_participant/1.0.0/mod_participant-1.0.0.jar!/com/thitsaworks/dfsp_portal/participant/domain/command/impl/ModifyLiquidityProfileBean.class]
2025-05-30 14:23:05 DEBUG    main:org.springframework.context.annotation.ClassPathScanningCandidateComponentProvider:435:(scanCandidateComponents) - Identified candidate component class: URL [jar:file:/C:/Users/ASUS/.m2/repository/com/thitsaworks/dfsp_portal/mod_participant/1.0.0/mod_participant-1.0.0.jar!/com/thitsaworks/dfsp_portal/participant/domain/command/impl/ModifyParticipantBean.class]
2025-05-30 14:23:05 DEBUG    main:org.springframework.context.annotation.ClassPathScanningCandidateComponentProvider:435:(scanCandidateComponents) - Identified candidate component class: URL [jar:file:/C:/Users/ASUS/.m2/repository/com/thitsaworks/dfsp_portal/mod_participant/1.0.0/mod_participant-1.0.0.jar!/com/thitsaworks/dfsp_portal/participant/domain/command/impl/ModifyParticipantCompanyShortNameBean.class]
2025-05-30 14:23:05 DEBUG    main:org.springframework.context.annotation.ClassPathScanningCandidateComponentProvider:435:(scanCandidateComponents) - Identified candidate component class: URL [jar:file:/C:/Users/ASUS/.m2/repository/com/thitsaworks/dfsp_portal/mod_participant/1.0.0/mod_participant-1.0.0.jar!/com/thitsaworks/dfsp_portal/participant/domain/command/impl/ModifyParticipantUserBean.class]
2025-05-30 14:23:05 DEBUG    main:org.springframework.context.annotation.ClassPathScanningCandidateComponentProvider:435:(scanCandidateComponents) - Identified candidate component class: URL [jar:file:/C:/Users/ASUS/.m2/repository/com/thitsaworks/dfsp_portal/mod_participant/1.0.0/mod_participant-1.0.0.jar!/com/thitsaworks/dfsp_portal/participant/domain/command/impl/RemoveExtraPropertyBean.class]
2025-05-30 14:23:05 DEBUG    main:org.springframework.context.annotation.ClassPathScanningCandidateComponentProvider:435:(scanCandidateComponents) - Identified candidate component class: URL [jar:file:/C:/Users/ASUS/.m2/repository/com/thitsaworks/dfsp_portal/mod_participant/1.0.0/mod_participant-1.0.0.jar!/com/thitsaworks/dfsp_portal/participant/domain/command/impl/RemoveParticipantUserBean.class]
2025-05-30 14:23:06 DEBUG    main:org.springframework.context.annotation.ClassPathScanningCandidateComponentProvider:441:(scanCandidateComponents) - Ignored because not a concrete top-level class: URL [jar:file:/C:/Users/ASUS/.m2/repository/com/thitsaworks/dfsp_portal/mod_participant/1.0.0/mod_participant-1.0.0.jar!/com/thitsaworks/dfsp_portal/participant/domain/repository/ContactRepository.class]
2025-05-30 14:23:06 DEBUG    main:org.springframework.context.annotation.ClassPathScanningCandidateComponentProvider:441:(scanCandidateComponents) - Ignored because not a concrete top-level class: URL [jar:file:/C:/Users/ASUS/.m2/repository/com/thitsaworks/dfsp_portal/mod_participant/1.0.0/mod_participant-1.0.0.jar!/com/thitsaworks/dfsp_portal/participant/domain/repository/ExtraPropertyRepository.class]
2025-05-30 14:23:06 DEBUG    main:org.springframework.context.annotation.ClassPathScanningCandidateComponentProvider:441:(scanCandidateComponents) - Ignored because not a concrete top-level class: URL [jar:file:/C:/Users/ASUS/.m2/repository/com/thitsaworks/dfsp_portal/mod_participant/1.0.0/mod_participant-1.0.0.jar!/com/thitsaworks/dfsp_portal/participant/domain/repository/LiquidityProfileRepository.class]
2025-05-30 14:23:06 DEBUG    main:org.springframework.context.annotation.ClassPathScanningCandidateComponentProvider:441:(scanCandidateComponents) - Ignored because not a concrete top-level class: URL [jar:file:/C:/Users/ASUS/.m2/repository/com/thitsaworks/dfsp_portal/mod_participant/1.0.0/mod_participant-1.0.0.jar!/com/thitsaworks/dfsp_portal/participant/domain/repository/ParticipantRepository.class]
2025-05-30 14:23:07 DEBUG    main:org.springframework.context.annotation.ClassPathScanningCandidateComponentProvider:435:(scanCandidateComponents) - Identified candidate component class: URL [jar:file:/C:/Users/ASUS/.m2/repository/com/thitsaworks/dfsp_portal/mod_participant/1.0.0/mod_participant-1.0.0.jar!/com/thitsaworks/dfsp_portal/participant/query/cache/hazelcast/HazelcastParticipantCache.class]
2025-05-30 14:23:07 DEBUG    main:org.springframework.context.annotation.ClassPathScanningCandidateComponentProvider:435:(scanCandidateComponents) - Identified candidate component class: URL [jar:file:/C:/Users/ASUS/.m2/repository/com/thitsaworks/dfsp_portal/mod_participant/1.0.0/mod_participant-1.0.0.jar!/com/thitsaworks/dfsp_portal/participant/query/cache/hazelcast/HazelcastParticipantUserCache.class]
2025-05-30 14:23:07 DEBUG    main:org.springframework.context.annotation.ClassPathScanningCandidateComponentProvider:435:(scanCandidateComponents) - Identified candidate component class: URL [jar:file:/C:/Users/ASUS/.m2/repository/com/thitsaworks/dfsp_portal/mod_participant/1.0.0/mod_participant-1.0.0.jar!/com/thitsaworks/dfsp_portal/participant/query/cache/proxy/ProxyParticipantCache.class]
2025-05-30 14:23:07 DEBUG    main:org.springframework.context.annotation.ClassPathScanningCandidateComponentProvider:435:(scanCandidateComponents) - Identified candidate component class: URL [jar:file:/C:/Users/ASUS/.m2/repository/com/thitsaworks/dfsp_portal/mod_participant/1.0.0/mod_participant-1.0.0.jar!/com/thitsaworks/dfsp_portal/participant/query/cache/proxy/ProxyParticipantUserCache.class]
2025-05-30 14:23:08 DEBUG    main:org.springframework.context.annotation.ClassPathScanningCandidateComponentProvider:435:(scanCandidateComponents) - Identified candidate component class: URL [jar:file:/C:/Users/ASUS/.m2/repository/com/thitsaworks/dfsp_portal/mod_participant/1.0.0/mod_participant-1.0.0.jar!/com/thitsaworks/dfsp_portal/participant/query/impl/FindUserByEmailBean.class]
2025-05-30 14:23:08 DEBUG    main:org.springframework.context.annotation.ClassPathScanningCandidateComponentProvider:435:(scanCandidateComponents) - Identified candidate component class: URL [jar:file:/C:/Users/ASUS/.m2/repository/com/thitsaworks/dfsp_portal/mod_participant/1.0.0/mod_participant-1.0.0.jar!/com/thitsaworks/dfsp_portal/participant/query/impl/GetContactsBean.class]
2025-05-30 14:23:08 DEBUG    main:org.springframework.context.annotation.ClassPathScanningCandidateComponentProvider:435:(scanCandidateComponents) - Identified candidate component class: URL [jar:file:/C:/Users/ASUS/.m2/repository/com/thitsaworks/dfsp_portal/mod_participant/1.0.0/mod_participant-1.0.0.jar!/com/thitsaworks/dfsp_portal/participant/query/impl/GetExtraPropertiesBean.class]
2025-05-30 14:23:08 DEBUG    main:org.springframework.context.annotation.ClassPathScanningCandidateComponentProvider:435:(scanCandidateComponents) - Identified candidate component class: URL [jar:file:/C:/Users/ASUS/.m2/repository/com/thitsaworks/dfsp_portal/mod_participant/1.0.0/mod_participant-1.0.0.jar!/com/thitsaworks/dfsp_portal/participant/query/impl/GetLiquidityProfilesBean.class]
2025-05-30 14:23:08 DEBUG    main:org.springframework.context.annotation.ClassPathScanningCandidateComponentProvider:435:(scanCandidateComponents) - Identified candidate component class: URL [jar:file:/C:/Users/ASUS/.m2/repository/com/thitsaworks/dfsp_portal/mod_participant/1.0.0/mod_participant-1.0.0.jar!/com/thitsaworks/dfsp_portal/participant/query/impl/GetOtherParticipantsBean.class]
2025-05-30 14:23:08 DEBUG    main:org.springframework.context.annotation.ClassPathScanningCandidateComponentProvider:435:(scanCandidateComponents) - Identified candidate component class: URL [jar:file:/C:/Users/ASUS/.m2/repository/com/thitsaworks/dfsp_portal/mod_participant/1.0.0/mod_participant-1.0.0.jar!/com/thitsaworks/dfsp_portal/participant/query/impl/GetParticipantBean.class]
2025-05-30 14:23:08 DEBUG    main:org.springframework.context.annotation.ClassPathScanningCandidateComponentProvider:435:(scanCandidateComponents) - Identified candidate component class: URL [jar:file:/C:/Users/ASUS/.m2/repository/com/thitsaworks/dfsp_portal/mod_participant/1.0.0/mod_participant-1.0.0.jar!/com/thitsaworks/dfsp_portal/participant/query/impl/GetParticipantsBean.class]
2025-05-30 14:23:08 DEBUG    main:org.springframework.context.annotation.ClassPathScanningCandidateComponentProvider:435:(scanCandidateComponents) - Identified candidate component class: URL [jar:file:/C:/Users/ASUS/.m2/repository/com/thitsaworks/dfsp_portal/mod_participant/1.0.0/mod_participant-1.0.0.jar!/com/thitsaworks/dfsp_portal/participant/query/impl/GetUserBean.class]
2025-05-30 14:23:08 DEBUG    main:org.springframework.context.annotation.ClassPathScanningCandidateComponentProvider:435:(scanCandidateComponents) - Identified candidate component class: URL [jar:file:/C:/Users/ASUS/.m2/repository/com/thitsaworks/dfsp_portal/mod_participant/1.0.0/mod_participant-1.0.0.jar!/com/thitsaworks/dfsp_portal/participant/query/impl/GetUserIdsBean.class]
2025-05-30 14:23:08 DEBUG    main:org.springframework.context.annotation.ClassPathScanningCandidateComponentProvider:435:(scanCandidateComponents) - Identified candidate component class: URL [jar:file:/C:/Users/ASUS/.m2/repository/com/thitsaworks/dfsp_portal/mod_participant/1.0.0/mod_participant-1.0.0.jar!/com/thitsaworks/dfsp_portal/participant/query/impl/GetUsersBean.class]
2025-05-30 14:23:09 DEBUG    main:org.springframework.context.annotation.ClassPathScanningCandidateComponentProvider:435:(scanCandidateComponents) - Identified candidate component class: URL [jar:file:/C:/Users/ASUS/.m2/repository/com/thitsaworks/dfsp_portal/mod_component/1.0.0/mod_component-1.0.0.jar!/com/thitsaworks/dfsp_portal/component/security/DfspSecurityHeader.class]
2025-05-30 14:23:09 DEBUG    main:org.springframework.context.annotation.ClassPathScanningCandidateComponentProvider:435:(scanCandidateComponents) - Identified candidate component class: URL [jar:file:/C:/Users/ASUS/.m2/repository/com/thitsaworks/dfsp_portal/mod_component/1.0.0/mod_component-1.0.0.jar!/com/thitsaworks/dfsp_portal/component/spring/DefaultSpringRestErrorResponseBuilder.class]
2025-05-30 14:23:09 DEBUG    main:org.springframework.context.annotation.ClassPathScanningCandidateComponentProvider:435:(scanCandidateComponents) - Identified candidate component class: URL [jar:file:/C:/Users/ASUS/.m2/repository/com/thitsaworks/dfsp_portal/mod_component/1.0.0/mod_component-1.0.0.jar!/com/thitsaworks/dfsp_portal/component/spring/SpringRestServiceExceptionHandler.class]
2025-05-30 14:23:09 DEBUG    main:org.springframework.context.annotation.ClassPathScanningCandidateComponentProvider:435:(scanCandidateComponents) - Identified candidate component class: URL [jar:file:/C:/Users/ASUS/.m2/repository/com/thitsaworks/dfsp_portal/mod_hubuser/1.0.0/mod_hubuser-1.0.0.jar!/com/thitsaworks/dfsp_portal/hubuser/domain/command/impl/CreateAnnouncementBean.class]
2025-05-30 14:23:09 DEBUG    main:org.springframework.context.annotation.ClassPathScanningCandidateComponentProvider:435:(scanCandidateComponents) - Identified candidate component class: URL [jar:file:/C:/Users/ASUS/.m2/repository/com/thitsaworks/dfsp_portal/mod_hubuser/1.0.0/mod_hubuser-1.0.0.jar!/com/thitsaworks/dfsp_portal/hubuser/domain/command/impl/CreateHubUserBean.class]
2025-05-30 14:23:09 DEBUG    main:org.springframework.context.annotation.ClassPathScanningCandidateComponentProvider:435:(scanCandidateComponents) - Identified candidate component class: URL [jar:file:/C:/Users/ASUS/.m2/repository/com/thitsaworks/dfsp_portal/mod_hubuser/1.0.0/mod_hubuser-1.0.0.jar!/com/thitsaworks/dfsp_portal/hubuser/domain/command/impl/ModifyAnnouncementBean.class]
2025-05-30 14:23:09 DEBUG    main:org.springframework.context.annotation.ClassPathScanningCandidateComponentProvider:435:(scanCandidateComponents) - Identified candidate component class: URL [jar:file:/C:/Users/ASUS/.m2/repository/com/thitsaworks/dfsp_portal/mod_hubuser/1.0.0/mod_hubuser-1.0.0.jar!/com/thitsaworks/dfsp_portal/hubuser/domain/command/impl/ModifyHubUserBean.class]
2025-05-30 14:23:09 DEBUG    main:org.springframework.context.annotation.ClassPathScanningCandidateComponentProvider:435:(scanCandidateComponents) - Identified candidate component class: URL [jar:file:/C:/Users/ASUS/.m2/repository/com/thitsaworks/dfsp_portal/mod_hubuser/1.0.0/mod_hubuser-1.0.0.jar!/com/thitsaworks/dfsp_portal/hubuser/domain/command/impl/RemoveAnnouncementsBean.class]
2025-05-30 14:23:10 DEBUG    main:org.springframework.context.annotation.ClassPathScanningCandidateComponentProvider:435:(scanCandidateComponents) - Identified candidate component class: URL [jar:file:/C:/Users/ASUS/.m2/repository/com/thitsaworks/dfsp_portal/mod_hubuser/1.0.0/mod_hubuser-1.0.0.jar!/com/thitsaworks/dfsp_portal/hubuser/query/impl/GetAnnouncementBean.class]
2025-05-30 14:23:10 DEBUG    main:org.springframework.context.annotation.ClassPathScanningCandidateComponentProvider:435:(scanCandidateComponents) - Identified candidate component class: URL [jar:file:/C:/Users/ASUS/.m2/repository/com/thitsaworks/dfsp_portal/mod_hubuser/1.0.0/mod_hubuser-1.0.0.jar!/com/thitsaworks/dfsp_portal/hubuser/query/impl/GetAnnouncementsBean.class]
2025-05-30 14:23:10 DEBUG    main:org.springframework.context.annotation.ClassPathScanningCandidateComponentProvider:435:(scanCandidateComponents) - Identified candidate component class: URL [jar:file:/C:/Users/ASUS/.m2/repository/com/thitsaworks/dfsp_portal/mod_hubuser/1.0.0/mod_hubuser-1.0.0.jar!/com/thitsaworks/dfsp_portal/hubuser/query/impl/GetHubUserBean.class]
2025-05-30 14:23:10 DEBUG    main:org.springframework.context.annotation.ClassPathScanningCandidateComponentProvider:435:(scanCandidateComponents) - Identified candidate component class: URL [jar:file:/C:/Users/ASUS/.m2/repository/com/thitsaworks/dfsp_portal/mod_hubuser/1.0.0/mod_hubuser-1.0.0.jar!/com/thitsaworks/dfsp_portal/hubuser/query/impl/GetHubUsersBean.class]
2025-05-30 14:23:10 DEBUG    main:org.springframework.context.annotation.ClassPathScanningCandidateComponentProvider:435:(scanCandidateComponents) - Identified candidate component class: URL [jar:file:/C:/Users/ASUS/.m2/repository/com/thitsaworks/dfsp_portal/mod_audit/1.0.0/mod_audit-1.0.0.jar!/com/thitsaworks/dfsp_portal/audit/domain/Auditor.class]
2025-05-30 14:23:10 DEBUG    main:org.springframework.context.annotation.ClassPathScanningCandidateComponentProvider:435:(scanCandidateComponents) - Identified candidate component class: URL [jar:file:/C:/Users/ASUS/.m2/repository/com/thitsaworks/dfsp_portal/mod_audit/1.0.0/mod_audit-1.0.0.jar!/com/thitsaworks/dfsp_portal/audit/domain/command/impl/CreateActionBean.class]
2025-05-30 14:23:10 DEBUG    main:org.springframework.context.annotation.ClassPathScanningCandidateComponentProvider:435:(scanCandidateComponents) - Identified candidate component class: URL [jar:file:/C:/Users/ASUS/.m2/repository/com/thitsaworks/dfsp_portal/mod_audit/1.0.0/mod_audit-1.0.0.jar!/com/thitsaworks/dfsp_portal/audit/domain/command/impl/CreateAuditBean.class]
2025-05-30 14:23:10 DEBUG    main:org.springframework.context.annotation.ClassPathScanningCandidateComponentProvider:441:(scanCandidateComponents) - Ignored because not a concrete top-level class: URL [jar:file:/C:/Users/ASUS/.m2/repository/com/thitsaworks/dfsp_portal/mod_audit/1.0.0/mod_audit-1.0.0.jar!/com/thitsaworks/dfsp_portal/audit/domain/repository/ActionRepository.class]
2025-05-30 14:23:10 DEBUG    main:org.springframework.context.annotation.ClassPathScanningCandidateComponentProvider:441:(scanCandidateComponents) - Ignored because not a concrete top-level class: URL [jar:file:/C:/Users/ASUS/.m2/repository/com/thitsaworks/dfsp_portal/mod_audit/1.0.0/mod_audit-1.0.0.jar!/com/thitsaworks/dfsp_portal/audit/domain/repository/AuditRepository.class]
2025-05-30 14:23:10 DEBUG    main:org.springframework.context.annotation.ClassPathScanningCandidateComponentProvider:435:(scanCandidateComponents) - Identified candidate component class: URL [jar:file:/C:/Users/ASUS/.m2/repository/com/thitsaworks/dfsp_portal/mod_audit/1.0.0/mod_audit-1.0.0.jar!/com/thitsaworks/dfsp_portal/audit/query/impl/GetActionByBean.class]
2025-05-30 14:23:10 DEBUG    main:org.springframework.context.annotation.ClassPathScanningCandidateComponentProvider:435:(scanCandidateComponents) - Identified candidate component class: URL [jar:file:/C:/Users/ASUS/.m2/repository/com/thitsaworks/dfsp_portal/mod_audit/1.0.0/mod_audit-1.0.0.jar!/com/thitsaworks/dfsp_portal/audit/query/impl/GetAuditBean.class]
2025-05-30 14:23:10 DEBUG    main:org.springframework.context.annotation.ClassPathScanningCandidateComponentProvider:435:(scanCandidateComponents) - Identified candidate component class: URL [jar:file:/C:/Users/ASUS/.m2/repository/com/thitsaworks/dfsp_portal/mod_audit/1.0.0/mod_audit-1.0.0.jar!/com/thitsaworks/dfsp_portal/audit/query/impl/GetAuditByParticipantBean.class]
2025-05-30 14:23:11 DEBUG    main:org.springframework.context.annotation.ClassPathScanningCandidateComponentProvider:435:(scanCandidateComponents) - Identified candidate component class: URL [jar:file:/C:/Users/ASUS/.m2/repository/com/thitsaworks/dfsp_portal/mod_iam/1.0.0/mod_iam-1.0.0.jar!/com/thitsaworks/dfsp_portal/iam/domain/command/impl/AuthenticateBean.class]
2025-05-30 14:23:11 DEBUG    main:org.springframework.context.annotation.ClassPathScanningCandidateComponentProvider:435:(scanCandidateComponents) - Identified candidate component class: URL [jar:file:/C:/Users/ASUS/.m2/repository/com/thitsaworks/dfsp_portal/mod_iam/1.0.0/mod_iam-1.0.0.jar!/com/thitsaworks/dfsp_portal/iam/domain/command/impl/ChangePasswordBean.class]
2025-05-30 14:23:11 DEBUG    main:org.springframework.context.annotation.ClassPathScanningCandidateComponentProvider:435:(scanCandidateComponents) - Identified candidate component class: URL [jar:file:/C:/Users/ASUS/.m2/repository/com/thitsaworks/dfsp_portal/mod_iam/1.0.0/mod_iam-1.0.0.jar!/com/thitsaworks/dfsp_portal/iam/domain/command/impl/CreatePrincipalBean.class]
2025-05-30 14:23:11 DEBUG    main:org.springframework.context.annotation.ClassPathScanningCandidateComponentProvider:435:(scanCandidateComponents) - Identified candidate component class: URL [jar:file:/C:/Users/ASUS/.m2/repository/com/thitsaworks/dfsp_portal/mod_iam/1.0.0/mod_iam-1.0.0.jar!/com/thitsaworks/dfsp_portal/iam/domain/command/impl/ModifyPrincipalBean.class]
2025-05-30 14:23:11 DEBUG    main:org.springframework.context.annotation.ClassPathScanningCandidateComponentProvider:435:(scanCandidateComponents) - Identified candidate component class: URL [jar:file:/C:/Users/ASUS/.m2/repository/com/thitsaworks/dfsp_portal/mod_iam/1.0.0/mod_iam-1.0.0.jar!/com/thitsaworks/dfsp_portal/iam/domain/command/impl/ResetPasswordBean.class]
2025-05-30 14:23:11 DEBUG    main:org.springframework.context.annotation.ClassPathScanningCandidateComponentProvider:441:(scanCandidateComponents) - Ignored because not a concrete top-level class: URL [jar:file:/C:/Users/ASUS/.m2/repository/com/thitsaworks/dfsp_portal/mod_iam/1.0.0/mod_iam-1.0.0.jar!/com/thitsaworks/dfsp_portal/iam/domain/repository/PrincipalRepository.class]
2025-05-30 14:23:11 DEBUG    main:org.springframework.context.annotation.ClassPathScanningCandidateComponentProvider:435:(scanCandidateComponents) - Identified candidate component class: URL [jar:file:/C:/Users/ASUS/.m2/repository/com/thitsaworks/dfsp_portal/mod_iam/1.0.0/mod_iam-1.0.0.jar!/com/thitsaworks/dfsp_portal/iam/query/cache/hazelcast/HazelcastPrincipalCache.class]
2025-05-30 14:23:11 DEBUG    main:org.springframework.context.annotation.ClassPathScanningCandidateComponentProvider:435:(scanCandidateComponents) - Identified candidate component class: URL [jar:file:/C:/Users/ASUS/.m2/repository/com/thitsaworks/dfsp_portal/mod_iam/1.0.0/mod_iam-1.0.0.jar!/com/thitsaworks/dfsp_portal/iam/query/cache/proxy/ProxyPrincipalCache.class]
2025-05-30 14:23:11 DEBUG    main:org.springframework.context.annotation.ClassPathScanningCandidateComponentProvider:435:(scanCandidateComponents) - Identified candidate component class: URL [jar:file:/C:/Users/ASUS/.m2/repository/com/thitsaworks/dfsp_portal/uc_common/1.0.0/uc_common-1.0.0.jar!/com/thitsaworks/dfsp_portal/usecase/common/impl/ChangeCurrentPasswordBean.class]
2025-05-30 14:23:11 DEBUG    main:org.springframework.context.annotation.ClassPathScanningCandidateComponentProvider:435:(scanCandidateComponents) - Identified candidate component class: URL [jar:file:/C:/Users/ASUS/.m2/repository/com/thitsaworks/dfsp_portal/uc_common/1.0.0/uc_common-1.0.0.jar!/com/thitsaworks/dfsp_portal/usecase/common/impl/CreateNewContactBean.class]
2025-05-30 14:23:11 DEBUG    main:org.springframework.context.annotation.ClassPathScanningCandidateComponentProvider:435:(scanCandidateComponents) - Identified candidate component class: URL [jar:file:/C:/Users/ASUS/.m2/repository/com/thitsaworks/dfsp_portal/uc_common/1.0.0/uc_common-1.0.0.jar!/com/thitsaworks/dfsp_portal/usecase/common/impl/CreateNewExtraPropertyBean.class]
2025-05-30 14:23:11 DEBUG    main:org.springframework.context.annotation.ClassPathScanningCandidateComponentProvider:435:(scanCandidateComponents) - Identified candidate component class: URL [jar:file:/C:/Users/ASUS/.m2/repository/com/thitsaworks/dfsp_portal/uc_common/1.0.0/uc_common-1.0.0.jar!/com/thitsaworks/dfsp_portal/usecase/common/impl/CreateNewLiquidityProfileBean.class]
2025-05-30 14:23:11 DEBUG    main:org.springframework.context.annotation.ClassPathScanningCandidateComponentProvider:435:(scanCandidateComponents) - Identified candidate component class: URL [jar:file:/C:/Users/ASUS/.m2/repository/com/thitsaworks/dfsp_portal/uc_common/1.0.0/uc_common-1.0.0.jar!/com/thitsaworks/dfsp_portal/usecase/common/impl/CreateNewParticipantUserBean.class]
2025-05-30 14:23:11 DEBUG    main:org.springframework.context.annotation.ClassPathScanningCandidateComponentProvider:435:(scanCandidateComponents) - Identified candidate component class: URL [jar:file:/C:/Users/ASUS/.m2/repository/com/thitsaworks/dfsp_portal/uc_common/1.0.0/uc_common-1.0.0.jar!/com/thitsaworks/dfsp_portal/usecase/common/impl/GetAllAuditBean.class]
2025-05-30 14:23:11 DEBUG    main:org.springframework.context.annotation.ClassPathScanningCandidateComponentProvider:435:(scanCandidateComponents) - Identified candidate component class: URL [jar:file:/C:/Users/ASUS/.m2/repository/com/thitsaworks/dfsp_portal/uc_common/1.0.0/uc_common-1.0.0.jar!/com/thitsaworks/dfsp_portal/usecase/common/impl/GetAllAuditByParticipantBean.class]
2025-05-30 14:23:11 DEBUG    main:org.springframework.context.annotation.ClassPathScanningCandidateComponentProvider:435:(scanCandidateComponents) - Identified candidate component class: URL [jar:file:/C:/Users/ASUS/.m2/repository/com/thitsaworks/dfsp_portal/uc_common/1.0.0/uc_common-1.0.0.jar!/com/thitsaworks/dfsp_portal/usecase/common/impl/GetExistingParticipantBean.class]
2025-05-30 14:23:11 DEBUG    main:org.springframework.context.annotation.ClassPathScanningCandidateComponentProvider:435:(scanCandidateComponents) - Identified candidate component class: URL [jar:file:/C:/Users/ASUS/.m2/repository/com/thitsaworks/dfsp_portal/uc_common/1.0.0/uc_common-1.0.0.jar!/com/thitsaworks/dfsp_portal/usecase/common/impl/LoginUserAccountBean.class]
2025-05-30 14:23:11 DEBUG    main:org.springframework.context.annotation.ClassPathScanningCandidateComponentProvider:435:(scanCandidateComponents) - Identified candidate component class: URL [jar:file:/C:/Users/ASUS/.m2/repository/com/thitsaworks/dfsp_portal/uc_common/1.0.0/uc_common-1.0.0.jar!/com/thitsaworks/dfsp_portal/usecase/common/impl/ModifyExistingContactBean.class]
2025-05-30 14:23:11 DEBUG    main:org.springframework.context.annotation.ClassPathScanningCandidateComponentProvider:435:(scanCandidateComponents) - Identified candidate component class: URL [jar:file:/C:/Users/ASUS/.m2/repository/com/thitsaworks/dfsp_portal/uc_common/1.0.0/uc_common-1.0.0.jar!/com/thitsaworks/dfsp_portal/usecase/common/impl/ModifyExistingExtraPropertyBean.class]
2025-05-30 14:23:11 DEBUG    main:org.springframework.context.annotation.ClassPathScanningCandidateComponentProvider:435:(scanCandidateComponents) - Identified candidate component class: URL [jar:file:/C:/Users/ASUS/.m2/repository/com/thitsaworks/dfsp_portal/uc_common/1.0.0/uc_common-1.0.0.jar!/com/thitsaworks/dfsp_portal/usecase/common/impl/ModifyExistingLiquidityProfileBean.class]
2025-05-30 14:23:11 DEBUG    main:org.springframework.context.annotation.ClassPathScanningCandidateComponentProvider:435:(scanCandidateComponents) - Identified candidate component class: URL [jar:file:/C:/Users/ASUS/.m2/repository/com/thitsaworks/dfsp_portal/uc_common/1.0.0/uc_common-1.0.0.jar!/com/thitsaworks/dfsp_portal/usecase/common/impl/ModifyExistingParticipantBean.class]
2025-05-30 14:23:11 DEBUG    main:org.springframework.context.annotation.ClassPathScanningCandidateComponentProvider:435:(scanCandidateComponents) - Identified candidate component class: URL [jar:file:/C:/Users/ASUS/.m2/repository/com/thitsaworks/dfsp_portal/uc_common/1.0.0/uc_common-1.0.0.jar!/com/thitsaworks/dfsp_portal/usecase/common/impl/ResetCurrentPasswordBean.class]
2025-05-30 14:23:11 DEBUG    main:org.springframework.context.annotation.ClassPathScanningCandidateComponentProvider:435:(scanCandidateComponents) - Identified candidate component class: URL [jar:file:/C:/Users/ASUS/.m2/repository/com/thitsaworks/dfsp_portal/uc_common/1.0.0/uc_common-1.0.0.jar!/com/thitsaworks/dfsp_portal/usecase/common/impl/VerifyEmailForLoginBean.class]
2025-05-30 14:23:12 DEBUG    main:org.springframework.context.annotation.ClassPathScanningCandidateComponentProvider:435:(scanCandidateComponents) - Identified candidate component class: URL [jar:file:/C:/Users/ASUS/.m2/repository/com/thitsaworks/dfsp_portal/mod_central_ledger/1.0.0/mod_central_ledger-1.0.0.jar!/com/thitsa/dfsp_portal/ledger/query/impl/GetCurrenciesBean.class]
2025-05-30 14:23:12 DEBUG    main:org.springframework.context.annotation.ClassPathScanningCandidateComponentProvider:435:(scanCandidateComponents) - Identified candidate component class: URL [jar:file:/C:/Users/ASUS/.m2/repository/com/thitsaworks/dfsp_portal/mod_central_ledger/1.0.0/mod_central_ledger-1.0.0.jar!/com/thitsa/dfsp_portal/ledger/query/impl/GetFinancialDataBean.class]
2025-05-30 14:23:12 DEBUG    main:org.springframework.context.annotation.ClassPathScanningCandidateComponentProvider:435:(scanCandidateComponents) - Identified candidate component class: URL [jar:file:/C:/Users/ASUS/.m2/repository/com/thitsaworks/dfsp_portal/mod_central_ledger/1.0.0/mod_central_ledger-1.0.0.jar!/com/thitsa/dfsp_portal/ledger/query/impl/GetIDTypesBean.class]
2025-05-30 14:23:12 DEBUG    main:org.springframework.context.annotation.ClassPathScanningCandidateComponentProvider:435:(scanCandidateComponents) - Identified candidate component class: URL [jar:file:/C:/Users/ASUS/.m2/repository/com/thitsaworks/dfsp_portal/mod_central_ledger/1.0.0/mod_central_ledger-1.0.0.jar!/com/thitsa/dfsp_portal/ledger/query/impl/GetThisCurrenciesBean.class]
2025-05-30 14:23:12 DEBUG    main:org.springframework.context.annotation.ClassPathScanningCandidateComponentProvider:435:(scanCandidateComponents) - Identified candidate component class: URL [jar:file:/C:/Users/ASUS/.m2/repository/com/thitsaworks/dfsp_portal/mod_central_ledger/1.0.0/mod_central_ledger-1.0.0.jar!/com/thitsa/dfsp_portal/ledger/query/impl/GetTransferDetailBean.class]
2025-05-30 14:23:12 DEBUG    main:org.springframework.context.annotation.ClassPathScanningCandidateComponentProvider:435:(scanCandidateComponents) - Identified candidate component class: URL [jar:file:/C:/Users/ASUS/.m2/repository/com/thitsaworks/dfsp_portal/mod_central_ledger/1.0.0/mod_central_ledger-1.0.0.jar!/com/thitsa/dfsp_portal/ledger/query/impl/GetTransfersBean.class]
2025-05-30 14:23:12 DEBUG    main:org.springframework.context.annotation.ClassPathScanningCandidateComponentProvider:435:(scanCandidateComponents) - Identified candidate component class: URL [jar:file:/C:/Users/ASUS/.m2/repository/com/thitsaworks/dfsp_portal/mod_central_ledger/1.0.0/mod_central_ledger-1.0.0.jar!/com/thitsa/dfsp_portal/ledger/query/impl/GetTransferStatesBean.class]
2025-05-30 14:23:12 DEBUG    main:org.springframework.context.annotation.ClassPathScanningCandidateComponentProvider:435:(scanCandidateComponents) - Identified candidate component class: URL [jar:file:/C:/Users/ASUS/.m2/repository/com/thitsaworks/dfsp_portal/uc_participant/1.0.0/uc_participant-1.0.0.jar!/com/thitsaworks/dfsp_portal/usecase/participant/impl/GetAllOtherParticipantsBean.class]
2025-05-30 14:23:12 DEBUG    main:org.springframework.context.annotation.ClassPathScanningCandidateComponentProvider:435:(scanCandidateComponents) - Identified candidate component class: URL [jar:file:/C:/Users/ASUS/.m2/repository/com/thitsaworks/dfsp_portal/uc_participant/1.0.0/uc_participant-1.0.0.jar!/com/thitsaworks/dfsp_portal/usecase/participant/impl/GetAllParticipantUserBean.class]
2025-05-30 14:23:12 DEBUG    main:org.springframework.context.annotation.ClassPathScanningCandidateComponentProvider:435:(scanCandidateComponents) - Identified candidate component class: URL [jar:file:/C:/Users/ASUS/.m2/repository/com/thitsaworks/dfsp_portal/uc_participant/1.0.0/uc_participant-1.0.0.jar!/com/thitsaworks/dfsp_portal/usecase/participant/impl/GetExistingParticipantUserBean.class]
2025-05-30 14:23:12 DEBUG    main:org.springframework.context.annotation.ClassPathScanningCandidateComponentProvider:435:(scanCandidateComponents) - Identified candidate component class: URL [jar:file:/C:/Users/ASUS/.m2/repository/com/thitsaworks/dfsp_portal/uc_participant/1.0.0/uc_participant-1.0.0.jar!/com/thitsaworks/dfsp_portal/usecase/participant/impl/GetUserProfileBean.class]
2025-05-30 14:23:12 DEBUG    main:org.springframework.context.annotation.ClassPathScanningCandidateComponentProvider:435:(scanCandidateComponents) - Identified candidate component class: URL [jar:file:/C:/Users/ASUS/.m2/repository/com/thitsaworks/dfsp_portal/uc_participant/1.0.0/uc_participant-1.0.0.jar!/com/thitsaworks/dfsp_portal/usecase/participant/impl/ModifyExistingParticipantUserBean.class]
2025-05-30 14:23:13 DEBUG    main:org.springframework.context.annotation.ClassPathScanningCandidateComponentProvider:435:(scanCandidateComponents) - Identified candidate component class: URL [jar:file:/C:/Users/ASUS/.m2/repository/com/thitsaworks/dfsp_portal/uc_participant/1.0.0/uc_participant-1.0.0.jar!/com/thitsaworks/dfsp_portal/usecase/participant/impl/RemoveExistingExtraPropertyBean.class]
2025-05-30 14:23:13 DEBUG    main:org.springframework.context.annotation.ClassPathScanningCandidateComponentProvider:435:(scanCandidateComponents) - Identified candidate component class: URL [jar:file:/C:/Users/ASUS/.m2/repository/com/thitsaworks/dfsp_portal/uc_participant/1.0.0/uc_participant-1.0.0.jar!/com/thitsaworks/dfsp_portal/usecase/participant/impl/RemoveExistingParticipantUserBean.class]
2025-05-30 14:23:41 INFO     main:org.springframework.data.repository.config.RepositoryConfigurationDelegate:262:(multipleStoresDetected) - Multiple Spring Data modules found, entering strict repository configuration mode!
2025-05-30 14:23:41 INFO     main:org.springframework.data.repository.config.RepositoryConfigurationDelegate:132:(registerRepositoriesIn) - Bootstrapping Spring Data JPA repositories in DEFAULT mode.
2025-05-30 14:23:43 DEBUG    main:org.springframework.data.repository.config.RepositoryConfigurationDelegate:145:(registerRepositoriesIn) - Scanning for JPA repositories in packages com.thitsaworks.*.
2025-05-30 14:24:03 DEBUG    main:org.springframework.context.annotation.ClassPathScanningCandidateComponentProvider:435:(scanCandidateComponents) - Identified candidate component class: URL [jar:file:/C:/Users/ASUS/.m2/repository/com/thitsaworks/dfsp_portal/mod_participant/1.0.0/mod_participant-1.0.0.jar!/com/thitsaworks/dfsp_portal/participant/domain/repository/ContactRepository.class]
2025-05-30 14:24:03 DEBUG    main:org.springframework.context.annotation.ClassPathScanningCandidateComponentProvider:435:(scanCandidateComponents) - Identified candidate component class: URL [jar:file:/C:/Users/ASUS/.m2/repository/com/thitsaworks/dfsp_portal/mod_participant/1.0.0/mod_participant-1.0.0.jar!/com/thitsaworks/dfsp_portal/participant/domain/repository/ExtraPropertyRepository.class]
2025-05-30 14:24:03 DEBUG    main:org.springframework.context.annotation.ClassPathScanningCandidateComponentProvider:435:(scanCandidateComponents) - Identified candidate component class: URL [jar:file:/C:/Users/ASUS/.m2/repository/com/thitsaworks/dfsp_portal/mod_participant/1.0.0/mod_participant-1.0.0.jar!/com/thitsaworks/dfsp_portal/participant/domain/repository/LiquidityProfileRepository.class]
2025-05-30 14:24:03 DEBUG    main:org.springframework.context.annotation.ClassPathScanningCandidateComponentProvider:435:(scanCandidateComponents) - Identified candidate component class: URL [jar:file:/C:/Users/ASUS/.m2/repository/com/thitsaworks/dfsp_portal/mod_participant/1.0.0/mod_participant-1.0.0.jar!/com/thitsaworks/dfsp_portal/participant/domain/repository/ParticipantRepository.class]
2025-05-30 14:24:03 DEBUG    main:org.springframework.context.annotation.ClassPathScanningCandidateComponentProvider:435:(scanCandidateComponents) - Identified candidate component class: URL [jar:file:/C:/Users/ASUS/.m2/repository/com/thitsaworks/dfsp_portal/mod_participant/1.0.0/mod_participant-1.0.0.jar!/com/thitsaworks/dfsp_portal/participant/domain/repository/ParticipantUserRepository.class]
2025-05-30 14:24:10 DEBUG    main:org.springframework.context.annotation.ClassPathScanningCandidateComponentProvider:435:(scanCandidateComponents) - Identified candidate component class: URL [jar:file:/C:/Users/ASUS/.m2/repository/com/thitsaworks/dfsp_portal/mod_audit/1.0.0/mod_audit-1.0.0.jar!/com/thitsaworks/dfsp_portal/audit/domain/repository/ActionRepository.class]
2025-05-30 14:24:11 DEBUG    main:org.springframework.context.annotation.ClassPathScanningCandidateComponentProvider:435:(scanCandidateComponents) - Identified candidate component class: URL [jar:file:/C:/Users/ASUS/.m2/repository/com/thitsaworks/dfsp_portal/mod_audit/1.0.0/mod_audit-1.0.0.jar!/com/thitsaworks/dfsp_portal/audit/domain/repository/AuditRepository.class]
2025-05-30 14:24:12 DEBUG    main:org.springframework.context.annotation.ClassPathScanningCandidateComponentProvider:435:(scanCandidateComponents) - Identified candidate component class: URL [jar:file:/C:/Users/ASUS/.m2/repository/com/thitsaworks/dfsp_portal/mod_iam/1.0.0/mod_iam-1.0.0.jar!/com/thitsaworks/dfsp_portal/iam/domain/repository/PrincipalRepository.class]
2025-05-30 14:24:15 DEBUG    main:org.springframework.context.annotation.ClassPathScanningCandidateComponentProvider:435:(scanCandidateComponents) - Identified candidate component class: URL [jar:file:/C:/Users/ASUS/.m2/repository/com/thitsaworks/dfsp_portal/mod_hubuser/1.0.0/mod_hubuser-1.0.0.jar!/com/thitsaworks/dfsp_portal/hubuser/domain/repository/AnnouncementRepository.class]
2025-05-30 14:24:15 DEBUG    main:org.springframework.context.annotation.ClassPathScanningCandidateComponentProvider:435:(scanCandidateComponents) - Identified candidate component class: URL [jar:file:/C:/Users/ASUS/.m2/repository/com/thitsaworks/dfsp_portal/mod_hubuser/1.0.0/mod_hubuser-1.0.0.jar!/com/thitsaworks/dfsp_portal/hubuser/domain/repository/HubUserRepository.class]
2025-05-30 14:24:18 INFO     main:org.springframework.data.repository.config.RepositoryConfigurationDelegate:201:(registerRepositoriesIn) - Finished Spring Data repository scanning in 34682 ms. Found 10 JPA repository interfaces.
2025-05-30 14:24:18 INFO     main:org.springframework.data.repository.config.RepositoryConfigurationDelegate:262:(multipleStoresDetected) - Multiple Spring Data modules found, entering strict repository configuration mode!
2025-05-30 14:24:18 INFO     main:org.springframework.data.repository.config.RepositoryConfigurationDelegate:132:(registerRepositoriesIn) - Bootstrapping Spring Data JPA repositories in DEFAULT mode.
2025-05-30 14:24:18 DEBUG    main:org.springframework.data.repository.config.RepositoryConfigurationDelegate:145:(registerRepositoriesIn) - Scanning for JPA repositories in packages com.thitsaworks.dfsp_portal.datasource.persistence.
2025-05-30 14:24:18 INFO     main:org.springframework.data.repository.config.RepositoryConfigurationDelegate:201:(registerRepositoriesIn) - Finished Spring Data repository scanning in 7 ms. Found 0 JPA repository interfaces.
2025-05-30 14:24:18 INFO     main:org.springframework.data.repository.config.RepositoryConfigurationDelegate:262:(multipleStoresDetected) - Multiple Spring Data modules found, entering strict repository configuration mode!
2025-05-30 14:24:18 INFO     main:org.springframework.data.repository.config.RepositoryConfigurationDelegate:132:(registerRepositoriesIn) - Bootstrapping Spring Data JPA repositories in DEFAULT mode.
2025-05-30 14:24:18 DEBUG    main:org.springframework.data.repository.config.RepositoryConfigurationDelegate:145:(registerRepositoriesIn) - Scanning for JPA repositories in packages com.thitsa.*.
2025-05-30 14:24:19 INFO     main:org.springframework.data.repository.config.RepositoryConfigurationDelegate:201:(registerRepositoriesIn) - Finished Spring Data repository scanning in 758 ms. Found 0 JPA repository interfaces.
2025-05-30 14:24:30 DEBUG    main:org.springframework.beans.factory.support.DefaultSingletonBeanRegistry:225:(getSingleton) - Creating shared instance of singleton bean 'propertySourcesPlaceholderConfigurer'
2025-05-30 14:24:30 DEBUG    main:org.springframework.beans.factory.support.DefaultSingletonBeanRegistry:225:(getSingleton) - Creating shared instance of singleton bean 'org.springframework.boot.test.mock.mockito.MockitoPostProcessor'
2025-05-30 14:24:30 DEBUG    main:org.springframework.beans.factory.support.DefaultSingletonBeanRegistry:225:(getSingleton) - Creating shared instance of singleton bean 'emBeanDefinitionRegistrarPostProcessor'
2025-05-30 14:24:30 DEBUG    main:org.springframework.beans.factory.support.DefaultSingletonBeanRegistry:225:(getSingleton) - Creating shared instance of singleton bean 'org.springframework.boot.sql.init.dependency.DatabaseInitializationDependencyConfigurer$DependsOnDatabaseInitializationPostProcessor'
2025-05-30 14:24:30 DEBUG    main:org.springframework.beans.factory.support.DefaultSingletonBeanRegistry:225:(getSingleton) - Creating shared instance of singleton bean 'org.springframework.boot.autoconfigure.hazelcast.HazelcastJpaDependencyAutoConfiguration$HazelcastInstanceEntityManagerFactoryDependsOnPostProcessor'
2025-05-30 14:24:31 DEBUG    main:org.springframework.beans.factory.support.DefaultSingletonBeanRegistry:225:(getSingleton) - Creating shared instance of singleton bean 'org.springframework.context.event.internalEventListenerProcessor'
2025-05-30 14:24:31 DEBUG    main:org.springframework.beans.factory.support.DefaultSingletonBeanRegistry:225:(getSingleton) - Creating shared instance of singleton bean 'conversionServicePostProcessor'
2025-05-30 14:24:31 DEBUG    main:org.springframework.beans.factory.support.DefaultSingletonBeanRegistry:225:(getSingleton) - Creating shared instance of singleton bean 'preserveErrorControllerTargetClassPostProcessor'
2025-05-30 14:24:31 DEBUG    main:org.springframework.beans.factory.support.DefaultSingletonBeanRegistry:225:(getSingleton) - Creating shared instance of singleton bean 'forceAutoProxyCreatorToUseClassProxying'
2025-05-30 14:24:31 DEBUG    main:org.springframework.beans.factory.support.DefaultSingletonBeanRegistry:225:(getSingleton) - Creating shared instance of singleton bean 'org.springframework.context.event.internalEventListenerFactory'
2025-05-30 14:24:31 DEBUG    main:org.springframework.beans.factory.support.DefaultSingletonBeanRegistry:225:(getSingleton) - Creating shared instance of singleton bean 'org.springframework.transaction.config.internalTransactionalEventListenerFactory'
2025-05-30 14:24:31 DEBUG    main:org.springframework.beans.factory.support.DefaultSingletonBeanRegistry:225:(getSingleton) - Creating shared instance of singleton bean 'org.springframework.boot.test.mock.mockito.MockitoPostProcessor$SpyPostProcessor'
2025-05-30 14:24:31 DEBUG    main:org.springframework.beans.factory.support.DefaultSingletonBeanRegistry:225:(getSingleton) - Creating shared instance of singleton bean 'org.springframework.context.annotation.internalAutowiredAnnotationProcessor'
2025-05-30 14:24:31 DEBUG    main:org.springframework.beans.factory.support.DefaultSingletonBeanRegistry:225:(getSingleton) - Creating shared instance of singleton bean 'org.springframework.context.annotation.internalCommonAnnotationProcessor'
2025-05-30 14:24:31 DEBUG    main:org.springframework.beans.factory.support.DefaultSingletonBeanRegistry:225:(getSingleton) - Creating shared instance of singleton bean 'org.springframework.context.annotation.internalPersistenceAnnotationProcessor'
2025-05-30 14:24:31 DEBUG    main:org.springframework.beans.factory.support.DefaultSingletonBeanRegistry:225:(getSingleton) - Creating shared instance of singleton bean 'org.springframework.boot.context.properties.ConfigurationPropertiesBindingPostProcessor'
2025-05-30 14:24:31 DEBUG    main:org.springframework.beans.factory.support.DefaultSingletonBeanRegistry:225:(getSingleton) - Creating shared instance of singleton bean 'org.springframework.boot.context.internalConfigurationPropertiesBinder'
2025-05-30 14:24:31 DEBUG    main:org.springframework.beans.factory.support.DefaultSingletonBeanRegistry:225:(getSingleton) - Creating shared instance of singleton bean 'org.springframework.boot.context.internalConfigurationPropertiesBinderFactory'
2025-05-30 14:24:31 DEBUG    main:org.springframework.beans.factory.support.DefaultSingletonBeanRegistry:225:(getSingleton) - Creating shared instance of singleton bean 'org.springframework.aop.config.internalAutoProxyCreator'
2025-05-30 14:24:32 DEBUG    main:org.springframework.beans.factory.support.DefaultSingletonBeanRegistry:225:(getSingleton) - Creating shared instance of singleton bean 'org.springframework.context.annotation.internalScheduledAnnotationProcessor'
2025-05-30 14:24:32 DEBUG    main:org.springframework.beans.factory.support.DefaultSingletonBeanRegistry:225:(getSingleton) - Creating shared instance of singleton bean 'org.springframework.scheduling.annotation.SchedulingConfiguration'
2025-05-30 14:24:32 DEBUG    main:org.springframework.beans.factory.support.DefaultSingletonBeanRegistry:225:(getSingleton) - Creating shared instance of singleton bean 'methodValidationPostProcessor'
2025-05-30 14:24:32 DEBUG    main:org.springframework.beans.factory.support.ConstructorResolver:808:(createArgumentArray) - Autowiring by type from bean name 'methodValidationPostProcessor' via factory method to bean named 'environment'
2025-05-30 14:24:32 DEBUG    main:org.springframework.beans.factory.support.DefaultSingletonBeanRegistry:225:(getSingleton) - Creating shared instance of singleton bean 'org.springframework.boot.context.properties.EnableConfigurationPropertiesRegistrar.methodValidationExcludeFilter'
2025-05-30 14:24:32 DEBUG    main:org.springframework.beans.factory.support.DefaultSingletonBeanRegistry:225:(getSingleton) - Creating shared instance of singleton bean 'persistenceExceptionTranslationPostProcessor'
2025-05-30 14:24:32 DEBUG    main:org.springframework.beans.factory.support.ConstructorResolver:808:(createArgumentArray) - Autowiring by type from bean name 'persistenceExceptionTranslationPostProcessor' via factory method to bean named 'environment'
2025-05-30 14:24:32 DEBUG    main:org.springframework.beans.factory.support.DefaultSingletonBeanRegistry:225:(getSingleton) - Creating shared instance of singleton bean 'webServerFactoryCustomizerBeanPostProcessor'
2025-05-30 14:24:32 DEBUG    main:org.springframework.beans.factory.support.DefaultSingletonBeanRegistry:225:(getSingleton) - Creating shared instance of singleton bean 'errorPageRegistrarBeanPostProcessor'
2025-05-30 14:24:32 DEBUG    main:org.springframework.beans.factory.support.DefaultSingletonBeanRegistry:225:(getSingleton) - Creating shared instance of singleton bean 'projectingArgumentResolverBeanPostProcessor'
2025-05-30 14:24:33 DEBUG    main:org.springframework.beans.factory.support.DefaultSingletonBeanRegistry:225:(getSingleton) - Creating shared instance of singleton bean 'org.springframework.transaction.config.internalTransactionAdvisor'
2025-05-30 14:24:33 DEBUG    main:org.springframework.beans.factory.support.DefaultSingletonBeanRegistry:225:(getSingleton) - Creating shared instance of singleton bean 'org.springframework.transaction.annotation.ProxyTransactionManagementConfiguration'
2025-05-30 14:24:33 DEBUG    main:org.springframework.beans.factory.support.DefaultSingletonBeanRegistry:225:(getSingleton) - Creating shared instance of singleton bean 'transactionAttributeSource'
2025-05-30 14:24:33 DEBUG    main:org.springframework.beans.factory.support.DefaultSingletonBeanRegistry:225:(getSingleton) - Creating shared instance of singleton bean 'transactionInterceptor'
2025-05-30 14:24:33 DEBUG    main:org.springframework.beans.factory.support.ConstructorResolver:808:(createArgumentArray) - Autowiring by type from bean name 'transactionInterceptor' via factory method to bean named 'transactionAttributeSource'
[...]
	at org.springframework.beans.factory.support.ConstructorResolver.instantiateUsingFactoryMethod(ConstructorResolver.java:541) ~[spring-beans-5.3.14.jar:5.3.14]
	at org.springframework.beans.factory.support.AbstractAutowireCapableBeanFactory.instantiateUsingFactoryMethod(AbstractAutowireCapableBeanFactory.java:1352) ~[spring-beans-5.3.14.jar:5.3.14]
	at org.springframework.beans.factory.support.AbstractAutowireCapableBeanFactory.createBeanInstance(AbstractAutowireCapableBeanFactory.java:1195) ~[spring-beans-5.3.14.jar:5.3.14]
	at org.springframework.beans.factory.support.AbstractAutowireCapableBeanFactory.doCreateBean(AbstractAutowireCapableBeanFactory.java:582) ~[spring-beans-5.3.14.jar:5.3.14]
	at org.springframework.beans.factory.support.AbstractAutowireCapableBeanFactory.createBean(AbstractAutowireCapableBeanFactory.java:542) ~[spring-beans-5.3.14.jar:5.3.14]
	at org.springframework.beans.factory.support.AbstractBeanFactory.lambda$doGetBean$0(AbstractBeanFactory.java:335) ~[spring-beans-5.3.14.jar:5.3.14]
	at org.springframework.beans.factory.support.DefaultSingletonBeanRegistry.getSingleton(DefaultSingletonBeanRegistry.java:234) ~[spring-beans-5.3.14.jar:5.3.14]
	at org.springframework.beans.factory.support.AbstractBeanFactory.doGetBean(AbstractBeanFactory.java:333) ~[spring-beans-5.3.14.jar:5.3.14]
	at org.springframework.beans.factory.support.AbstractBeanFactory.getBean(AbstractBeanFactory.java:208) ~[spring-beans-5.3.14.jar:5.3.14]
	at org.springframework.beans.factory.config.DependencyDescriptor.resolveCandidate(DependencyDescriptor.java:276) ~[spring-beans-5.3.14.jar:5.3.14]
	at org.springframework.beans.factory.support.DefaultListableBeanFactory.doResolveDependency(DefaultListableBeanFactory.java:1389) ~[spring-beans-5.3.14.jar:5.3.14]
	at org.springframework.beans.factory.support.DefaultListableBeanFactory.resolveDependency(DefaultListableBeanFactory.java:1309) ~[spring-beans-5.3.14.jar:5.3.14]
	at org.springframework.beans.factory.support.ConstructorResolver.resolveAutowiredArgument(ConstructorResolver.java:887) ~[spring-beans-5.3.14.jar:5.3.14]
	at org.springframework.beans.factory.support.ConstructorResolver.createArgumentArray(ConstructorResolver.java:791) ~[spring-beans-5.3.14.jar:5.3.14]
	at org.springframework.beans.factory.support.ConstructorResolver.instantiateUsingFactoryMethod(ConstructorResolver.java:541) ~[spring-beans-5.3.14.jar:5.3.14]
	at org.springframework.beans.factory.support.AbstractAutowireCapableBeanFactory.instantiateUsingFactoryMethod(AbstractAutowireCapableBeanFactory.java:1352) ~[spring-beans-5.3.14.jar:5.3.14]
	at org.springframework.beans.factory.support.AbstractAutowireCapableBeanFactory.createBeanInstance(AbstractAutowireCapableBeanFactory.java:1195) ~[spring-beans-5.3.14.jar:5.3.14]
	at org.springframework.beans.factory.support.AbstractAutowireCapableBeanFactory.doCreateBean(AbstractAutowireCapableBeanFactory.java:582) ~[spring-beans-5.3.14.jar:5.3.14]
	at org.springframework.beans.factory.support.AbstractAutowireCapableBeanFactory.createBean(AbstractAutowireCapableBeanFactory.java:542) ~[spring-beans-5.3.14.jar:5.3.14]
	at org.springframework.beans.factory.support.AbstractBeanFactory.lambda$doGetBean$0(AbstractBeanFactory.java:335) ~[spring-beans-5.3.14.jar:5.3.14]
	at org.springframework.beans.factory.support.DefaultSingletonBeanRegistry.getSingleton(DefaultSingletonBeanRegistry.java:234) ~[spring-beans-5.3.14.jar:5.3.14]
	at org.springframework.beans.factory.support.AbstractBeanFactory.doGetBean(AbstractBeanFactory.java:333) ~[spring-beans-5.3.14.jar:5.3.14]
	at org.springframework.beans.factory.support.AbstractBeanFactory.getBean(AbstractBeanFactory.java:208) ~[spring-beans-5.3.14.jar:5.3.14]
	at org.springframework.beans.factory.support.AbstractBeanFactory.doGetBean(AbstractBeanFactory.java:322) ~[spring-beans-5.3.14.jar:5.3.14]
	at org.springframework.beans.factory.support.AbstractBeanFactory.getBean(AbstractBeanFactory.java:208) ~[spring-beans-5.3.14.jar:5.3.14]
	at org.springframework.context.support.AbstractApplicationContext.getBean(AbstractApplicationContext.java:1154) ~[spring-context-5.3.14.jar:5.3.14]
	at org.springframework.context.support.AbstractApplicationContext.finishBeanFactoryInitialization(AbstractApplicationContext.java:908) ~[spring-context-5.3.14.jar:5.3.14]
	at org.springframework.context.support.AbstractApplicationContext.refresh(AbstractApplicationContext.java:583) ~[spring-context-5.3.14.jar:5.3.14]
	at org.springframework.boot.SpringApplication.refresh(SpringApplication.java:730) ~[spring-boot-2.6.2.jar:2.6.2]
	at org.springframework.boot.SpringApplication.refreshContext(SpringApplication.java:412) ~[spring-boot-2.6.2.jar:2.6.2]
	at org.springframework.boot.SpringApplication.run(SpringApplication.java:302) ~[spring-boot-2.6.2.jar:2.6.2]
	at org.springframework.boot.test.context.SpringBootContextLoader.loadContext(SpringBootContextLoader.java:121) ~[spring-boot-test-2.6.2.jar:2.6.2]
	at org.springframework.test.context.cache.DefaultCacheAwareContextLoaderDelegate.loadContextInternal(DefaultCacheAwareContextLoaderDelegate.java:99) ~[spring-test-5.3.14.jar:5.3.14]
	at org.springframework.test.context.cache.DefaultCacheAwareContextLoaderDelegate.loadContext(DefaultCacheAwareContextLoaderDelegate.java:124) ~[spring-test-5.3.14.jar:5.3.14]
	... 67 more
Caused by: java.lang.NullPointerException
	at java.net.URI$Parser.parse(URI.java:3104) ~[?:?]
	at java.net.URI.<init>(URI.java:600) ~[?:?]
	at com.thitsaworks.dfsp_portal.vault.VaultConfiguration.vaultTemplate(VaultConfiguration.java:31) ~[mod_vault-1.0.0.jar:?]
	at jdk.internal.reflect.NativeMethodAccessorImpl.invoke0(Native Method) ~[?:?]
	at jdk.internal.reflect.NativeMethodAccessorImpl.invoke(NativeMethodAccessorImpl.java:62) ~[?:?]
	at jdk.internal.reflect.DelegatingMethodAccessorImpl.invoke(DelegatingMethodAccessorImpl.java:43) ~[?:?]
	at java.lang.reflect.Method.invoke(Method.java:566) ~[?:?]
	at org.springframework.beans.factory.support.SimpleInstantiationStrategy.instantiate(SimpleInstantiationStrategy.java:154) ~[spring-beans-5.3.14.jar:5.3.14]
	at org.springframework.beans.factory.support.ConstructorResolver.instantiate(ConstructorResolver.java:653) ~[spring-beans-5.3.14.jar:5.3.14]
	at org.springframework.beans.factory.support.ConstructorResolver.instantiateUsingFactoryMethod(ConstructorResolver.java:638) ~[spring-beans-5.3.14.jar:5.3.14]
	at org.springframework.beans.factory.support.AbstractAutowireCapableBeanFactory.instantiateUsingFactoryMethod(AbstractAutowireCapableBeanFactory.java:1352) ~[spring-beans-5.3.14.jar:5.3.14]
	at org.springframework.beans.factory.support.AbstractAutowireCapableBeanFactory.createBeanInstance(AbstractAutowireCapableBeanFactory.java:1195) ~[spring-beans-5.3.14.jar:5.3.14]
	at org.springframework.beans.factory.support.AbstractAutowireCapableBeanFactory.doCreateBean(AbstractAutowireCapableBeanFactory.java:582) ~[spring-beans-5.3.14.jar:5.3.14]
	at org.springframework.beans.factory.support.AbstractAutowireCapableBeanFactory.createBean(AbstractAutowireCapableBeanFactory.java:542) ~[spring-beans-5.3.14.jar:5.3.14]
	at org.springframework.beans.factory.support.AbstractBeanFactory.lambda$doGetBean$0(AbstractBeanFactory.java:335) ~[spring-beans-5.3.14.jar:5.3.14]
	at org.springframework.beans.factory.support.DefaultSingletonBeanRegistry.getSingleton(DefaultSingletonBeanRegistry.java:234) ~[spring-beans-5.3.14.jar:5.3.14]
	at org.springframework.beans.factory.support.AbstractBeanFactory.doGetBean(AbstractBeanFactory.java:333) ~[spring-beans-5.3.14.jar:5.3.14]
	at org.springframework.beans.factory.support.AbstractBeanFactory.getBean(AbstractBeanFactory.java:208) ~[spring-beans-5.3.14.jar:5.3.14]
	at org.springframework.beans.factory.config.DependencyDescriptor.resolveCandidate(DependencyDescriptor.java:276) ~[spring-beans-5.3.14.jar:5.3.14]
	at org.springframework.beans.factory.support.DefaultListableBeanFactory.doResolveDependency(DefaultListableBeanFactory.java:1389) ~[spring-beans-5.3.14.jar:5.3.14]
	at org.springframework.beans.factory.support.DefaultListableBeanFactory.resolveDependency(DefaultListableBeanFactory.java:1309) ~[spring-beans-5.3.14.jar:5.3.14]
	at org.springframework.beans.factory.support.ConstructorResolver.resolveAutowiredArgument(ConstructorResolver.java:887) ~[spring-beans-5.3.14.jar:5.3.14]
	at org.springframework.beans.factory.support.ConstructorResolver.createArgumentArray(ConstructorResolver.java:791) ~[spring-beans-5.3.14.jar:5.3.14]
	at org.springframework.beans.factory.support.ConstructorResolver.instantiateUsingFactoryMethod(ConstructorResolver.java:541) ~[spring-beans-5.3.14.jar:5.3.14]
	at org.springframework.beans.factory.support.AbstractAutowireCapableBeanFactory.instantiateUsingFactoryMethod(AbstractAutowireCapableBeanFactory.java:1352) ~[spring-beans-5.3.14.jar:5.3.14]
	at org.springframework.beans.factory.support.AbstractAutowireCapableBeanFactory.createBeanInstance(AbstractAutowireCapableBeanFactory.java:1195) ~[spring-beans-5.3.14.jar:5.3.14]
	at org.springframework.beans.factory.support.AbstractAutowireCapableBeanFactory.doCreateBean(AbstractAutowireCapableBeanFactory.java:582) ~[spring-beans-5.3.14.jar:5.3.14]
	at org.springframework.beans.factory.support.AbstractAutowireCapableBeanFactory.createBean(AbstractAutowireCapableBeanFactory.java:542) ~[spring-beans-5.3.14.jar:5.3.14]
	at org.springframework.beans.factory.support.AbstractBeanFactory.lambda$doGetBean$0(AbstractBeanFactory.java:335) ~[spring-beans-5.3.14.jar:5.3.14]
	at org.springframework.beans.factory.support.DefaultSingletonBeanRegistry.getSingleton(DefaultSingletonBeanRegistry.java:234) ~[spring-beans-5.3.14.jar:5.3.14]
	at org.springframework.beans.factory.support.AbstractBeanFactory.doGetBean(AbstractBeanFactory.java:333) ~[spring-beans-5.3.14.jar:5.3.14]
	at org.springframework.beans.factory.support.AbstractBeanFactory.getBean(AbstractBeanFactory.java:208) ~[spring-beans-5.3.14.jar:5.3.14]
	at org.springframework.beans.factory.config.DependencyDescriptor.resolveCandidate(DependencyDescriptor.java:276) ~[spring-beans-5.3.14.jar:5.3.14]
	at org.springframework.beans.factory.support.DefaultListableBeanFactory.doResolveDependency(DefaultListableBeanFactory.java:1389) ~[spring-beans-5.3.14.jar:5.3.14]
	at org.springframework.beans.factory.support.DefaultListableBeanFactory.resolveDependency(DefaultListableBeanFactory.java:1309) ~[spring-beans-5.3.14.jar:5.3.14]
	at org.springframework.beans.factory.annotation.AutowiredAnnotationBeanPostProcessor$AutowiredFieldElement.resolveFieldValue(AutowiredAnnotationBeanPostProcessor.java:656) ~[spring-beans-5.3.14.jar:5.3.14]
	at org.springframework.beans.factory.annotation.AutowiredAnnotationBeanPostProcessor$AutowiredFieldElement.inject(AutowiredAnnotationBeanPostProcessor.java:639) ~[spring-beans-5.3.14.jar:5.3.14]
	at org.springframework.beans.factory.annotation.InjectionMetadata.inject(InjectionMetadata.java:119) ~[spring-beans-5.3.14.jar:5.3.14]
	at org.springframework.beans.factory.annotation.AutowiredAnnotationBeanPostProcessor.postProcessProperties(AutowiredAnnotationBeanPostProcessor.java:399) ~[spring-beans-5.3.14.jar:5.3.14]
	at org.springframework.beans.factory.support.AbstractAutowireCapableBeanFactory.populateBean(AbstractAutowireCapableBeanFactory.java:1431) ~[spring-beans-5.3.14.jar:5.3.14]
	at org.springframework.beans.factory.support.AbstractAutowireCapableBeanFactory.doCreateBean(AbstractAutowireCapableBeanFactory.java:619) ~[spring-beans-5.3.14.jar:5.3.14]
	at org.springframework.beans.factory.support.AbstractAutowireCapableBeanFactory.createBean(AbstractAutowireCapableBeanFactory.java:542) ~[spring-beans-5.3.14.jar:5.3.14]
	at org.springframework.beans.factory.support.AbstractBeanFactory.lambda$doGetBean$0(AbstractBeanFactory.java:335) ~[spring-beans-5.3.14.jar:5.3.14]
	at org.springframework.beans.factory.support.DefaultSingletonBeanRegistry.getSingleton(DefaultSingletonBeanRegistry.java:234) ~[spring-beans-5.3.14.jar:5.3.14]
	at org.springframework.beans.factory.support.AbstractBeanFactory.doGetBean(AbstractBeanFactory.java:333) ~[spring-beans-5.3.14.jar:5.3.14]
	at org.springframework.beans.factory.support.AbstractBeanFactory.getBean(AbstractBeanFactory.java:208) ~[spring-beans-5.3.14.jar:5.3.14]
	at org.springframework.beans.factory.support.ConstructorResolver.instantiateUsingFactoryMethod(ConstructorResolver.java:410) ~[spring-beans-5.3.14.jar:5.3.14]
	at org.springframework.beans.factory.support.AbstractAutowireCapableBeanFactory.instantiateUsingFactoryMethod(AbstractAutowireCapableBeanFactory.java:1352) ~[spring-beans-5.3.14.jar:5.3.14]
	at org.springframework.beans.factory.support.AbstractAutowireCapableBeanFactory.createBeanInstance(AbstractAutowireCapableBeanFactory.java:1195) ~[spring-beans-5.3.14.jar:5.3.14]
	at org.springframework.beans.factory.support.AbstractAutowireCapableBeanFactory.doCreateBean(AbstractAutowireCapableBeanFactory.java:582) ~[spring-beans-5.3.14.jar:5.3.14]
	at org.springframework.beans.factory.support.AbstractAutowireCapableBeanFactory.createBean(AbstractAutowireCapableBeanFactory.java:542) ~[spring-beans-5.3.14.jar:5.3.14]
	at org.springframework.beans.factory.support.AbstractBeanFactory.lambda$doGetBean$0(AbstractBeanFactory.java:335) ~[spring-beans-5.3.14.jar:5.3.14]
	at org.springframework.beans.factory.support.DefaultSingletonBeanRegistry.getSingleton(DefaultSingletonBeanRegistry.java:234) ~[spring-beans-5.3.14.jar:5.3.14]
	at org.springframework.beans.factory.support.AbstractBeanFactory.doGetBean(AbstractBeanFactory.java:333) ~[spring-beans-5.3.14.jar:5.3.14]
	at org.springframework.beans.factory.support.AbstractBeanFactory.getBean(AbstractBeanFactory.java:208) ~[spring-beans-5.3.14.jar:5.3.14]
	at org.springframework.beans.factory.config.DependencyDescriptor.resolveCandidate(DependencyDescriptor.java:276) ~[spring-beans-5.3.14.jar:5.3.14]
	at org.springframework.beans.factory.support.DefaultListableBeanFactory.doResolveDependency(DefaultListableBeanFactory.java:1389) ~[spring-beans-5.3.14.jar:5.3.14]
	at org.springframework.beans.factory.support.DefaultListableBeanFactory.resolveDependency(DefaultListableBeanFactory.java:1309) ~[spring-beans-5.3.14.jar:5.3.14]
	at org.springframework.beans.factory.support.ConstructorResolver.resolveAutowiredArgument(ConstructorResolver.java:887) ~[spring-beans-5.3.14.jar:5.3.14]
	at org.springframework.beans.factory.support.ConstructorResolver.createArgumentArray(ConstructorResolver.java:791) ~[spring-beans-5.3.14.jar:5.3.14]
	at org.springframework.beans.factory.support.ConstructorResolver.instantiateUsingFactoryMethod(ConstructorResolver.java:541) ~[spring-beans-5.3.14.jar:5.3.14]
	at org.springframework.beans.factory.support.AbstractAutowireCapableBeanFactory.instantiateUsingFactoryMethod(AbstractAutowireCapableBeanFactory.java:1352) ~[spring-beans-5.3.14.jar:5.3.14]
	at org.springframework.beans.factory.support.AbstractAutowireCapableBeanFactory.createBeanInstance(AbstractAutowireCapableBeanFactory.java:1195) ~[spring-beans-5.3.14.jar:5.3.14]
	at org.springframework.beans.factory.support.AbstractAutowireCapableBeanFactory.doCreateBean(AbstractAutowireCapableBeanFactory.java:582) ~[spring-beans-5.3.14.jar:5.3.14]
	at org.springframework.beans.factory.support.AbstractAutowireCapableBeanFactory.createBean(AbstractAutowireCapableBeanFactory.java:542) ~[spring-beans-5.3.14.jar:5.3.14]
	at org.springframework.beans.factory.support.AbstractBeanFactory.lambda$doGetBean$0(AbstractBeanFactory.java:335) ~[spring-beans-5.3.14.jar:5.3.14]
	at org.springframework.beans.factory.support.DefaultSingletonBeanRegistry.getSingleton(DefaultSingletonBeanRegistry.java:234) ~[spring-beans-5.3.14.jar:5.3.14]
	at org.springframework.beans.factory.support.AbstractBeanFactory.doGetBean(AbstractBeanFactory.java:333) ~[spring-beans-5.3.14.jar:5.3.14]
	at org.springframework.beans.factory.support.AbstractBeanFactory.getBean(AbstractBeanFactory.java:208) ~[spring-beans-5.3.14.jar:5.3.14]
	at org.springframework.beans.factory.config.DependencyDescriptor.resolveCandidate(DependencyDescriptor.java:276) ~[spring-beans-5.3.14.jar:5.3.14]
	at org.springframework.beans.factory.support.DefaultListableBeanFactory.doResolveDependency(DefaultListableBeanFactory.java:1389) ~[spring-beans-5.3.14.jar:5.3.14]
	at org.springframework.beans.factory.support.DefaultListableBeanFactory.resolveDependency(DefaultListableBeanFactory.java:1309) ~[spring-beans-5.3.14.jar:5.3.14]
	at org.springframework.beans.factory.support.ConstructorResolver.resolveAutowiredArgument(ConstructorResolver.java:887) ~[spring-beans-5.3.14.jar:5.3.14]
	at org.springframework.beans.factory.support.ConstructorResolver.createArgumentArray(ConstructorResolver.java:791) ~[spring-beans-5.3.14.jar:5.3.14]
	at org.springframework.beans.factory.support.ConstructorResolver.instantiateUsingFactoryMethod(ConstructorResolver.java:541) ~[spring-beans-5.3.14.jar:5.3.14]
	at org.springframework.beans.factory.support.AbstractAutowireCapableBeanFactory.instantiateUsingFactoryMethod(AbstractAutowireCapableBeanFactory.java:1352) ~[spring-beans-5.3.14.jar:5.3.14]
	at org.springframework.beans.factory.support.AbstractAutowireCapableBeanFactory.createBeanInstance(AbstractAutowireCapableBeanFactory.java:1195) ~[spring-beans-5.3.14.jar:5.3.14]
	at org.springframework.beans.factory.support.AbstractAutowireCapableBeanFactory.doCreateBean(AbstractAutowireCapableBeanFactory.java:582) ~[spring-beans-5.3.14.jar:5.3.14]
	at org.springframework.beans.factory.support.AbstractAutowireCapableBeanFactory.createBean(AbstractAutowireCapableBeanFactory.java:542) ~[spring-beans-5.3.14.jar:5.3.14]
	at org.springframework.beans.factory.support.AbstractBeanFactory.lambda$doGetBean$0(AbstractBeanFactory.java:335) ~[spring-beans-5.3.14.jar:5.3.14]
	at org.springframework.beans.factory.support.DefaultSingletonBeanRegistry.getSingleton(DefaultSingletonBeanRegistry.java:234) ~[spring-beans-5.3.14.jar:5.3.14]
	at org.springframework.beans.factory.support.AbstractBeanFactory.doGetBean(AbstractBeanFactory.java:333) ~[spring-beans-5.3.14.jar:5.3.14]
	at org.springframework.beans.factory.support.AbstractBeanFactory.getBean(AbstractBeanFactory.java:208) ~[spring-beans-5.3.14.jar:5.3.14]
	at org.springframework.beans.factory.support.AbstractBeanFactory.doGetBean(AbstractBeanFactory.java:322) ~[spring-beans-5.3.14.jar:5.3.14]
	at org.springframework.beans.factory.support.AbstractBeanFactory.getBean(AbstractBeanFactory.java:208) ~[spring-beans-5.3.14.jar:5.3.14]
	at org.springframework.context.support.AbstractApplicationContext.getBean(AbstractApplicationContext.java:1154) ~[spring-context-5.3.14.jar:5.3.14]
	at org.springframework.context.support.AbstractApplicationContext.finishBeanFactoryInitialization(AbstractApplicationContext.java:908) ~[spring-context-5.3.14.jar:5.3.14]
	at org.springframework.context.support.AbstractApplicationContext.refresh(AbstractApplicationContext.java:583) ~[spring-context-5.3.14.jar:5.3.14]
	at org.springframework.boot.SpringApplication.refresh(SpringApplication.java:730) ~[spring-boot-2.6.2.jar:2.6.2]
	at org.springframework.boot.SpringApplication.refreshContext(SpringApplication.java:412) ~[spring-boot-2.6.2.jar:2.6.2]
	at org.springframework.boot.SpringApplication.run(SpringApplication.java:302) ~[spring-boot-2.6.2.jar:2.6.2]
	at org.springframework.boot.test.context.SpringBootContextLoader.loadContext(SpringBootContextLoader.java:121) ~[spring-boot-test-2.6.2.jar:2.6.2]
	at org.springframework.test.context.cache.DefaultCacheAwareContextLoaderDelegate.loadContextInternal(DefaultCacheAwareContextLoaderDelegate.java:99) ~[spring-test-5.3.14.jar:5.3.14]
	at org.springframework.test.context.cache.DefaultCacheAwareContextLoaderDelegate.loadContext(DefaultCacheAwareContextLoaderDelegate.java:124) ~[spring-test-5.3.14.jar:5.3.14]
	... 67 more

]]></system-out>
  </testcase>
</testsuite>