<?xml version="1.0" encoding="UTF-8"?>
<testsuite xmlns:xsi="http://www.w3.org/2001/XMLSchema-instance" xsi:noNamespaceSchemaLocation="https://maven.apache.org/surefire/maven-surefire-plugin/xsd/surefire-test-report.xsd" version="3.0.2" name="com.thitsaworks.dfsp_portal.participant.domain.command.CreateParticipantUserUnitTest" time="0.01" tests="1" errors="1" skipped="0" failures="0">
  <properties>
[...]
</properties>
  <testcase name="test_createUserSuccessfully" classname="com.thitsaworks.dfsp_portal.participant.domain.command.CreateParticipantUserUnitTest" time="0.005">
    <error message="Cannot invoke &quot;com.thitsaworks.dfsp_portal.participant.domain.command.CreateParticipantUser.execute(com.thitsaworks.dfsp_portal.participant.domain.command.CreateParticipantUser$Input)&quot; because &quot;this.createParticipantUser&quot; is null" type="java.lang.NullPointerException"><![CDATA[java.lang.NullPointerException: Cannot invoke "com.thitsaworks.dfsp_portal.participant.domain.command.CreateParticipantUser.execute(com.thitsaworks.dfsp_portal.participant.domain.command.CreateParticipantUser$Input)" because "this.createParticipantUser" is null
	at com.thitsaworks.dfsp_portal.participant.domain.command.CreateParticipantUserUnitTest.test_createUserSuccessfully(CreateParticipantUserUnitTest.java:24)
	at java.base/java.lang.reflect.Method.invoke(Method.java:580)
	at java.base/java.util.ArrayList.forEach(ArrayList.java:1596)
	at java.base/java.util.ArrayList.forEach(ArrayList.java:1596)
]]></error>
  </testcase>
</testsuite>